<?xml version="1.0" encoding="UTF-8"?>
<testsuites name="EYMIO Sandbox Instance Connection Checking" time="369.933" tests="8" failures="3" errors="0">
   <testsuite name="EYMIO Sandbox Instance Connection Checking" tests="8" failures="3" errors="0" time="369.933" skipped="0" timestamp="2023-11-17 22:25:44" hostname="Daniel - DESKTOP-E3AHV49" id="Test Suites/EYMIO Project/Sandbox/EYMIO Sandbox Instance Connection Checking">
      <properties>
         <property name="deviceName" value=""/>
         <property name="devicePlatform" value=""/>
         <property name="logFolder" value="C:\\Users\\Daniel\\git\\EYM-Automate-Connection-Page\\Reports\\20231117_222532\\EYMIO Project\\Sandbox\\EYMIO Sandbox Instance Connection Checking\\20231117_222532"/>
         <property name="logFiles" value="C:\\Users\\Daniel\\git\\EYM-Automate-Connection-Page\\Reports\\20231117_222532\\EYMIO Project\\Sandbox\\EYMIO Sandbox Instance Connection Checking\\20231117_222532\\execution0.log"/>
         <property name="attachments" value="C:\\Users\\Daniel\\git\\EYM-Automate-Connection-Page\\Reports\\20231117_222532\\EYMIO Project\\Sandbox\\EYMIO Sandbox Instance Connection Checking\\20231117_222532\\1700231188810.png, C:\\Users\\Daniel\\git\\EYM-Automate-Connection-Page\\Reports\\20231117_222532\\EYMIO Project\\Sandbox\\EYMIO Sandbox Instance Connection Checking\\20231117_222532\\1700231227769.png, C:\\Users\\Daniel\\git\\EYM-Automate-Connection-Page\\Reports\\20231117_222532\\EYMIO Project\\Sandbox\\EYMIO Sandbox Instance Connection Checking\\20231117_222532\\1700231437784.png"/>
         <property name="hostName" value="Daniel - DESKTOP-E3AHV49"/>
         <property name="os" value="Windows 10 64bit"/>
         <property name="katalonVersion" value="8.6.8.208"/>
         <property name="browser" value="Chrome 119.0.0.0"/>
         <property name="hostAddress" value="192.168.254.128"/>
         <property name="sessionId" value="4c714cc8c44d8f390282554dc01ca47b"/>
         <property name="seleniumVersion" value="3.141.59"/>
         <property name="proxyInformation" value="ProxyInformation { proxyOption=NO_PROXY, proxyServerType=HTTP, username=, password=********, proxyServerAddress=, proxyServerPort=0, executionList=&quot;&quot;, isApplyToDesiredCapabilities=true }"/>
         <property name="platform" value="Windows 10"/>
      </properties>
      <testcase name="Test Cases/EYM IO Sandbox Instance/Exemptax/E_Schylling-ExempTaxConnection" time="43.924" classname="Test Cases/EYM IO Sandbox Instance/Exemptax/E_Schylling-ExempTaxConnection" status="FAILED">
         <failure type="FAILED" message="Test Cases/EYM IO Sandbox Instance/Exemptax/E_Schylling-ExempTaxConnection FAILED.
Reason:
com.kms.katalon.core.exception.StepFailedException: Unable to verify text 'Connection Successful.' is present 
	at com.kms.katalon.core.webui.keyword.internal.WebUIKeywordMain.stepFailed(WebUIKeywordMain.groovy:64)
	at com.kms.katalon.core.webui.keyword.internal.WebUIKeywordMain.runKeyword(WebUIKeywordMain.groovy:26)
	at com.kms.katalon.core.webui.keyword.builtin.VerifyTextPresentKeyword.verifyTextPresent(VerifyTextPresentKeyword.groovy:83)
	at com.kms.katalon.core.webui.keyword.builtin.VerifyTextPresentKeyword.execute(VerifyTextPresentKeyword.groovy:68)
	at com.kms.katalon.core.keyword.internal.KeywordExecutor.executeKeywordForPlatform(KeywordExecutor.groovy:74)
	at com.kms.katalon.core.webui.keyword.WebUiBuiltInKeywords.verifyTextPresent(WebUiBuiltInKeywords.groovy:1723)
	at com.kms.katalon.core.webui.keyword.WebUiBuiltInKeywords$verifyTextPresent$7.call(Unknown Source)
	at E_Schylling-ExempTaxConnection.run(E_Schylling-ExempTaxConnection:48)
	at com.kms.katalon.core.main.ScriptEngine.run(ScriptEngine.java:194)
	at com.kms.katalon.core.main.ScriptEngine.runScriptAsRawText(ScriptEngine.java:119)
	at com.kms.katalon.core.main.TestCaseExecutor.runScript(TestCaseExecutor.java:448)
	at com.kms.katalon.core.main.TestCaseExecutor.doExecute(TestCaseExecutor.java:439)
	at com.kms.katalon.core.main.TestCaseExecutor.processExecutionPhase(TestCaseExecutor.java:418)
	at com.kms.katalon.core.main.TestCaseExecutor.accessMainPhase(TestCaseExecutor.java:410)
	at com.kms.katalon.core.main.TestCaseExecutor.execute(TestCaseExecutor.java:285)
	at com.kms.katalon.core.common.CommonExecutor.accessTestCaseMainPhase(CommonExecutor.java:65)
	at com.kms.katalon.core.main.TestSuiteExecutor.accessTestSuiteMainPhase(TestSuiteExecutor.java:148)
	at com.kms.katalon.core.main.TestSuiteExecutor.execute(TestSuiteExecutor.java:106)
	at com.kms.katalon.core.main.TestCaseMain.startTestSuite(TestCaseMain.java:187)
	at com.kms.katalon.core.main.TestCaseMain$startTestSuite$0.call(Unknown Source)
	at TempTestSuite1700231132250.run(TempTestSuite1700231132250.groovy:36)
Caused by: com.kms.katalon.core.exception.StepFailedException: Text 'Connection Successful.' is not present on page 
	at com.kms.katalon.core.webui.keyword.internal.WebUIKeywordMain.stepFailed(WebUIKeywordMain.groovy:64)
	at com.kms.katalon.core.webui.keyword.builtin.VerifyTextPresentKeyword$_verifyTextPresent_closure1.doCall(VerifyTextPresentKeyword.groovy:79)
	at com.kms.katalon.core.webui.keyword.builtin.VerifyTextPresentKeyword$_verifyTextPresent_closure1.call(VerifyTextPresentKeyword.groovy)
	at com.kms.katalon.core.webui.keyword.internal.WebUIKeywordMain.runKeyword(WebUIKeywordMain.groovy:20)
	... 19 more
"/>
         <system-out><![CDATA[2023-11-17 22:25:45 - [TEST_CASE][FAILED] - Test Cases/EYM IO Sandbox Instance/Exemptax/E_Schylling-ExempTaxConnection: Test Cases/EYM IO Sandbox Instance/Exemptax/E_Schylling-ExempTaxConnection FAILED.
Reason:
com.kms.katalon.core.exception.StepFailedException: Unable to verify text 'Connection Successful.' is present 
	at com.kms.katalon.core.webui.keyword.internal.WebUIKeywordMain.stepFailed(WebUIKeywordMain.groovy:64)
	at com.kms.katalon.core.webui.keyword.internal.WebUIKeywordMain.runKeyword(WebUIKeywordMain.groovy:26)
	at com.kms.katalon.core.webui.keyword.builtin.VerifyTextPresentKeyword.verifyTextPresent(VerifyTextPresentKeyword.groovy:83)
	at com.kms.katalon.core.webui.keyword.builtin.VerifyTextPresentKeyword.execute(VerifyTextPresentKeyword.groovy:68)
	at com.kms.katalon.core.keyword.internal.KeywordExecutor.executeKeywordForPlatform(KeywordExecutor.groovy:74)
	at com.kms.katalon.core.webui.keyword.WebUiBuiltInKeywords.verifyTextPresent(WebUiBuiltInKeywords.groovy:1723)
	at com.kms.katalon.core.webui.keyword.WebUiBuiltInKeywords$verifyTextPresent$7.call(Unknown Source)
	at E_Schylling-ExempTaxConnection.run(E_Schylling-ExempTaxConnection:48)
	at com.kms.katalon.core.main.ScriptEngine.run(ScriptEngine.java:194)
	at com.kms.katalon.core.main.ScriptEngine.runScriptAsRawText(ScriptEngine.java:119)
	at com.kms.katalon.core.main.TestCaseExecutor.runScript(TestCaseExecutor.java:448)
	at com.kms.katalon.core.main.TestCaseExecutor.doExecute(TestCaseExecutor.java:439)
	at com.kms.katalon.core.main.TestCaseExecutor.processExecutionPhase(TestCaseExecutor.java:418)
	at com.kms.katalon.core.main.TestCaseExecutor.accessMainPhase(TestCaseExecutor.java:410)
	at com.kms.katalon.core.main.TestCaseExecutor.execute(TestCaseExecutor.java:285)
	at com.kms.katalon.core.common.CommonExecutor.accessTestCaseMainPhase(CommonExecutor.java:65)
	at com.kms.katalon.core.main.TestSuiteExecutor.accessTestSuiteMainPhase(TestSuiteExecutor.java:148)
	at com.kms.katalon.core.main.TestSuiteExecutor.execute(TestSuiteExecutor.java:106)
	at com.kms.katalon.core.main.TestCaseMain.startTestSuite(TestCaseMain.java:187)
	at com.kms.katalon.core.main.TestCaseMain$startTestSuite$0.call(Unknown Source)
	at TempTestSuite1700231132250.run(TempTestSuite1700231132250.groovy:36)
Caused by: com.kms.katalon.core.exception.StepFailedException: Text 'Connection Successful.' is not present on page 
	at com.kms.katalon.core.webui.keyword.internal.WebUIKeywordMain.stepFailed(WebUIKeywordMain.groovy:64)
	at com.kms.katalon.core.webui.keyword.builtin.VerifyTextPresentKeyword$_verifyTextPresent_closure1.doCall(VerifyTextPresentKeyword.groovy:79)
	at com.kms.katalon.core.webui.keyword.builtin.VerifyTextPresentKeyword$_verifyTextPresent_closure1.call(VerifyTextPresentKeyword.groovy)
	at com.kms.katalon.core.webui.keyword.internal.WebUIKeywordMain.runKeyword(WebUIKeywordMain.groovy:20)
	... 19 more


2023-11-17 22:25:46 - [TEST_STEP][PASSED] - callTestCase(findTestCase("EYM IO Login/Login Exemptax Sandbox"), [:], STOP_ON_FAILURE): Call Test Case 'Test Cases/EYM IO Login/Login Exemptax Sandbox' successfully

2023-11-17 22:25:46 - [TEST_CASE][PASSED] - Test Cases/EYM IO Login/Login Exemptax Sandbox: Test Cases/EYM IO Login/Login Exemptax Sandbox

2023-11-17 22:25:47 - [TEST_STEP][PASSED] - openBrowser("https://exemptax-web-sb.excelym.com/"): Browser is opened with url: 'https://exemptax-web-sb.excelym.com/'

2023-11-17 22:25:48 - [MESSAGE][INFO] - Starting 'Chrome' driver

2023-11-17 22:25:48 - [MESSAGE][INFO] - Action delay is set to 0 milliseconds

2023-11-17 22:25:57 - [MESSAGE][PASSED] - Browser is opened with url: 'https://exemptax-web-sb.excelym.com/'

2023-11-17 22:25:57 - [TEST_STEP][PASSED] - maximizeWindow(): Current window maximized

2023-11-17 22:25:57 - [MESSAGE][PASSED] - Current window maximized

2023-11-17 22:25:57 - [TEST_STEP][PASSED] - delay(2): Delayed 2 second(s)

2023-11-17 22:25:59 - [MESSAGE][PASSED] - Delayed 2 second(s)

2023-11-17 22:25:59 - [TEST_STEP][PASSED] - click(findTestObject("EYM IO - Login Page/Username - Email")): Object: 'Object Repository/EYM IO - Login Page/Username - Email' is clicked on

2023-11-17 22:26:00 - [MESSAGE][PASSED] - Object: 'Object Repository/EYM IO - Login Page/Username - Email' is clicked on

2023-11-17 22:26:00 - [TEST_STEP][PASSED] - setText(findTestObject("EYM IO - Login Page/Username - Email"), "super@excelym.com"): Text 'super@excelym.com' is set on object 'Object Repository/EYM IO - Login Page/Username - Email'

2023-11-17 22:26:01 - [MESSAGE][PASSED] - Text 'super@excelym.com' is set on object 'Object Repository/EYM IO - Login Page/Username - Email'

2023-11-17 22:26:01 - [TEST_STEP][PASSED] - delay(2): Delayed 2 second(s)

2023-11-17 22:26:03 - [MESSAGE][PASSED] - Delayed 2 second(s)

2023-11-17 22:26:03 - [TEST_STEP][PASSED] - click(findTestObject("EYM IO - Login Page/Password")): Object: 'Object Repository/EYM IO - Login Page/Password' is clicked on

2023-11-17 22:26:04 - [MESSAGE][PASSED] - Object: 'Object Repository/EYM IO - Login Page/Password' is clicked on

2023-11-17 22:26:04 - [TEST_STEP][PASSED] - setEncryptedText(findTestObject("EYM IO - Login Page/Password"), "SYb/3ow/20+o2oI9OaGCEA=="): Text ****** has been set on object 'Object Repository/EYM IO - Login Page/Password'

2023-11-17 22:26:04 - [MESSAGE][PASSED] - Text ****** has been set on object 'Object Repository/EYM IO - Login Page/Password'

2023-11-17 22:26:04 - [TEST_STEP][PASSED] - delay(2): Delayed 2 second(s)

2023-11-17 22:26:06 - [MESSAGE][PASSED] - Delayed 2 second(s)

2023-11-17 22:26:06 - [TEST_STEP][PASSED] - mouseOver(findTestObject("EYM IO - Login Page/Login Button")): Object: 'Object Repository/EYM IO - Login Page/Login Button' is hovered

2023-11-17 22:26:07 - [MESSAGE][PASSED] - Object: 'Object Repository/EYM IO - Login Page/Login Button' is hovered

2023-11-17 22:26:07 - [TEST_STEP][PASSED] - click(findTestObject("EYM IO - Login Page/Login Button")): Object: 'Object Repository/EYM IO - Login Page/Login Button' is clicked on

2023-11-17 22:26:08 - [MESSAGE][PASSED] - Object: 'Object Repository/EYM IO - Login Page/Login Button' is clicked on

2023-11-17 22:26:08 - [MESSAGE][PASSED] - Call Test Case 'Test Cases/EYM IO Login/Login Exemptax Sandbox' successfully

2023-11-17 22:26:08 - [TEST_STEP][PASSED] - delay(5): Delayed 5 second(s)

2023-11-17 22:26:13 - [MESSAGE][PASSED] - Delayed 5 second(s)

2023-11-17 22:26:13 - [TEST_STEP][PASSED] - mouseOver(findTestObject("EYM IO - Dashboard Page/IO Maintenance")): Object: 'Object Repository/EYM IO - Dashboard Page/IO Maintenance' is hovered

2023-11-17 22:26:13 - [MESSAGE][PASSED] - Object: 'Object Repository/EYM IO - Dashboard Page/IO Maintenance' is hovered

2023-11-17 22:26:13 - [TEST_STEP][PASSED] - delay(2): Delayed 2 second(s)

2023-11-17 22:26:15 - [MESSAGE][PASSED] - Delayed 2 second(s)

2023-11-17 22:26:15 - [TEST_STEP][PASSED] - mouseOver(findTestObject("EYM IO - Dashboard Page/IO Connection")): Object: 'Object Repository/EYM IO - Dashboard Page/IO Connection' is hovered

2023-11-17 22:26:16 - [MESSAGE][PASSED] - Object: 'Object Repository/EYM IO - Dashboard Page/IO Connection' is hovered

2023-11-17 22:26:16 - [TEST_STEP][PASSED] - delay(2): Delayed 2 second(s)

2023-11-17 22:26:18 - [MESSAGE][PASSED] - Delayed 2 second(s)

2023-11-17 22:26:18 - [TEST_STEP][PASSED] - click(findTestObject("EYM IO - Dashboard Page/IO Connection")): Object: 'Object Repository/EYM IO - Dashboard Page/IO Connection' is clicked on

2023-11-17 22:26:19 - [MESSAGE][PASSED] - Object: 'Object Repository/EYM IO - Dashboard Page/IO Connection' is clicked on

2023-11-17 22:26:19 - [TEST_STEP][PASSED] - delay(2): Delayed 2 second(s)

2023-11-17 22:26:21 - [MESSAGE][PASSED] - Delayed 2 second(s)

2023-11-17 22:26:21 - [TEST_STEP][PASSED] - mouseOver(findTestObject("EYM IO - Connection Page/Exemptax/Exemptax Sandbox/Schylling-ExempTax Connection")): Object: 'Object Repository/EYM IO - Connection Page/Exemptax/Exemptax Sandbox/Schylling-ExempTax Connection' is hovered

2023-11-17 22:26:21 - [MESSAGE][PASSED] - Object: 'Object Repository/EYM IO - Connection Page/Exemptax/Exemptax Sandbox/Schylling-ExempTax Connection' is hovered

2023-11-17 22:26:21 - [TEST_STEP][PASSED] - delay(2): Delayed 2 second(s)

2023-11-17 22:26:23 - [MESSAGE][PASSED] - Delayed 2 second(s)

2023-11-17 22:26:23 - [TEST_STEP][PASSED] - click(findTestObject("EYM IO - Connection Page/Exemptax/Exemptax Sandbox/Schylling-ExempTax Connection")): Object: 'Object Repository/EYM IO - Connection Page/Exemptax/Exemptax Sandbox/Schylling-ExempTax Connection' is clicked on

2023-11-17 22:26:24 - [MESSAGE][PASSED] - Object: 'Object Repository/EYM IO - Connection Page/Exemptax/Exemptax Sandbox/Schylling-ExempTax Connection' is clicked on

2023-11-17 22:26:24 - [TEST_STEP][PASSED] - waitForJQueryLoad(30): jQuery is ready.

2023-11-17 22:26:24 - [MESSAGE][PASSED] - jQuery is ready.

2023-11-17 22:26:24 - [TEST_STEP][PASSED] - delay(3): Delayed 3 second(s)

2023-11-17 22:26:27 - [MESSAGE][PASSED] - Delayed 3 second(s)

2023-11-17 22:26:27 - [TEST_STEP][PASSED] - verifyElementPresent(findTestObject("EYM IO - Dashboard Page/Connection - Successful"), 0): Object 'Object Repository/EYM IO - Dashboard Page/Connection - Successful' is present

2023-11-17 22:26:27 - [MESSAGE][WARNING] - Timeout '0' is invalid. Using default page load timeout: '30'

2023-11-17 22:26:28 - [MESSAGE][PASSED] - Object 'Object Repository/EYM IO - Dashboard Page/Connection - Successful' is present

2023-11-17 22:26:28 - [TEST_STEP][FAILED] - verifyTextPresent("Connection Successful.", false): Unable to verify text 'Connection Successful.' is present  (Root cause: com.kms.katalon.core.exception.StepFailedException: Unable to verify text 'Connection Successful.' is present 
	at com.kms.katalon.core.webui.keyword.internal.WebUIKeywordMain.stepFailed(WebUIKeywordMain.groovy:64)
	at com.kms.katalon.core.webui.keyword.internal.WebUIKeywordMain.runKeyword(WebUIKeywordMain.groovy:26)
	at com.kms.katalon.core.webui.keyword.builtin.VerifyTextPresentKeyword.verifyTextPresent(VerifyTextPresentKeyword.groovy:83)
	at com.kms.katalon.core.webui.keyword.builtin.VerifyTextPresentKeyword.execute(VerifyTextPresentKeyword.groovy:68)
	at com.kms.katalon.core.keyword.internal.KeywordExecutor.executeKeywordForPlatform(KeywordExecutor.groovy:74)
	at com.kms.katalon.core.webui.keyword.WebUiBuiltInKeywords.verifyTextPresent(WebUiBuiltInKeywords.groovy:1723)
	at com.kms.katalon.core.webui.keyword.WebUiBuiltInKeywords$verifyTextPresent$7.call(Unknown Source)
	at E_Schylling-ExempTaxConnection.run(E_Schylling-ExempTaxConnection:48)
	at com.kms.katalon.core.main.ScriptEngine.run(ScriptEngine.java:194)
	at com.kms.katalon.core.main.ScriptEngine.runScriptAsRawText(ScriptEngine.java:119)
	at com.kms.katalon.core.main.TestCaseExecutor.runScript(TestCaseExecutor.java:448)
	at com.kms.katalon.core.main.TestCaseExecutor.doExecute(TestCaseExecutor.java:439)
	at com.kms.katalon.core.main.TestCaseExecutor.processExecutionPhase(TestCaseExecutor.java:418)
	at com.kms.katalon.core.main.TestCaseExecutor.accessMainPhase(TestCaseExecutor.java:410)
	at com.kms.katalon.core.main.TestCaseExecutor.execute(TestCaseExecutor.java:285)
	at com.kms.katalon.core.common.CommonExecutor.accessTestCaseMainPhase(CommonExecutor.java:65)
	at com.kms.katalon.core.main.TestSuiteExecutor.accessTestSuiteMainPhase(TestSuiteExecutor.java:148)
	at com.kms.katalon.core.main.TestSuiteExecutor.execute(TestSuiteExecutor.java:106)
	at com.kms.katalon.core.main.TestCaseMain.startTestSuite(TestCaseMain.java:187)
	at com.kms.katalon.core.main.TestCaseMain$startTestSuite$0.call(Unknown Source)
	at TempTestSuite1700231132250.run(TempTestSuite1700231132250.groovy:36)
Caused by: com.kms.katalon.core.exception.StepFailedException: Text 'Connection Successful.' is not present on page 
	at com.kms.katalon.core.webui.keyword.internal.WebUIKeywordMain.stepFailed(WebUIKeywordMain.groovy:64)
	at com.kms.katalon.core.webui.keyword.builtin.VerifyTextPresentKeyword$_verifyTextPresent_closure1.doCall(VerifyTextPresentKeyword.groovy:79)
	at com.kms.katalon.core.webui.keyword.builtin.VerifyTextPresentKeyword$_verifyTextPresent_closure1.call(VerifyTextPresentKeyword.groovy)
	at com.kms.katalon.core.webui.keyword.internal.WebUIKeywordMain.runKeyword(WebUIKeywordMain.groovy:20)
	... 19 more
)

2023-11-17 22:26:28 - [MESSAGE][FAILED] - Text 'Connection Successful.' is not present on page  (Root cause: com.kms.katalon.core.exception.StepFailedException: Text 'Connection Successful.' is not present on page 
	at com.kms.katalon.core.webui.keyword.internal.WebUIKeywordMain.stepFailed(WebUIKeywordMain.groovy:64)
	at com.kms.katalon.core.webui.keyword.builtin.VerifyTextPresentKeyword$_verifyTextPresent_closure1.doCall(VerifyTextPresentKeyword.groovy:79)
	at com.kms.katalon.core.webui.keyword.builtin.VerifyTextPresentKeyword$_verifyTextPresent_closure1.call(VerifyTextPresentKeyword.groovy)
	at com.kms.katalon.core.webui.keyword.internal.WebUIKeywordMain.runKeyword(WebUIKeywordMain.groovy:20)
	at com.kms.katalon.core.webui.keyword.builtin.VerifyTextPresentKeyword.verifyTextPresent(VerifyTextPresentKeyword.groovy:83)
	at com.kms.katalon.core.webui.keyword.builtin.VerifyTextPresentKeyword.execute(VerifyTextPresentKeyword.groovy:68)
	at com.kms.katalon.core.keyword.internal.KeywordExecutor.executeKeywordForPlatform(KeywordExecutor.groovy:74)
	at com.kms.katalon.core.webui.keyword.WebUiBuiltInKeywords.verifyTextPresent(WebUiBuiltInKeywords.groovy:1723)
	at com.kms.katalon.core.webui.keyword.WebUiBuiltInKeywords$verifyTextPresent$7.call(Unknown Source)
	at E_Schylling-ExempTaxConnection.run(E_Schylling-ExempTaxConnection:48)
	at com.kms.katalon.core.main.ScriptEngine.run(ScriptEngine.java:194)
	at com.kms.katalon.core.main.ScriptEngine.runScriptAsRawText(ScriptEngine.java:119)
	at com.kms.katalon.core.main.TestCaseExecutor.runScript(TestCaseExecutor.java:448)
	at com.kms.katalon.core.main.TestCaseExecutor.doExecute(TestCaseExecutor.java:439)
	at com.kms.katalon.core.main.TestCaseExecutor.processExecutionPhase(TestCaseExecutor.java:418)
	at com.kms.katalon.core.main.TestCaseExecutor.accessMainPhase(TestCaseExecutor.java:410)
	at com.kms.katalon.core.main.TestCaseExecutor.execute(TestCaseExecutor.java:285)
	at com.kms.katalon.core.common.CommonExecutor.accessTestCaseMainPhase(CommonExecutor.java:65)
	at com.kms.katalon.core.main.TestSuiteExecutor.accessTestSuiteMainPhase(TestSuiteExecutor.java:148)
	at com.kms.katalon.core.main.TestSuiteExecutor.execute(TestSuiteExecutor.java:106)
	at com.kms.katalon.core.main.TestCaseMain.startTestSuite(TestCaseMain.java:187)
	at com.kms.katalon.core.main.TestCaseMain$startTestSuite$0.call(Unknown Source)
	at TempTestSuite1700231132250.run(TempTestSuite1700231132250.groovy:36)
)

2023-11-17 22:26:29 - [MESSAGE][FAILED] - Unable to verify text 'Connection Successful.' is present  (Root cause: com.kms.katalon.core.exception.StepFailedException: Unable to verify text 'Connection Successful.' is present 
	at com.kms.katalon.core.webui.keyword.internal.WebUIKeywordMain.stepFailed(WebUIKeywordMain.groovy:64)
	at com.kms.katalon.core.webui.keyword.internal.WebUIKeywordMain.runKeyword(WebUIKeywordMain.groovy:26)
	at com.kms.katalon.core.webui.keyword.builtin.VerifyTextPresentKeyword.verifyTextPresent(VerifyTextPresentKeyword.groovy:83)
	at com.kms.katalon.core.webui.keyword.builtin.VerifyTextPresentKeyword.execute(VerifyTextPresentKeyword.groovy:68)
	at com.kms.katalon.core.keyword.internal.KeywordExecutor.executeKeywordForPlatform(KeywordExecutor.groovy:74)
	at com.kms.katalon.core.webui.keyword.WebUiBuiltInKeywords.verifyTextPresent(WebUiBuiltInKeywords.groovy:1723)
	at com.kms.katalon.core.webui.keyword.WebUiBuiltInKeywords$verifyTextPresent$7.call(Unknown Source)
	at E_Schylling-ExempTaxConnection.run(E_Schylling-ExempTaxConnection:48)
	at com.kms.katalon.core.main.ScriptEngine.run(ScriptEngine.java:194)
	at com.kms.katalon.core.main.ScriptEngine.runScriptAsRawText(ScriptEngine.java:119)
	at com.kms.katalon.core.main.TestCaseExecutor.runScript(TestCaseExecutor.java:448)
	at com.kms.katalon.core.main.TestCaseExecutor.doExecute(TestCaseExecutor.java:439)
	at com.kms.katalon.core.main.TestCaseExecutor.processExecutionPhase(TestCaseExecutor.java:418)
	at com.kms.katalon.core.main.TestCaseExecutor.accessMainPhase(TestCaseExecutor.java:410)
	at com.kms.katalon.core.main.TestCaseExecutor.execute(TestCaseExecutor.java:285)
	at com.kms.katalon.core.common.CommonExecutor.accessTestCaseMainPhase(CommonExecutor.java:65)
	at com.kms.katalon.core.main.TestSuiteExecutor.accessTestSuiteMainPhase(TestSuiteExecutor.java:148)
	at com.kms.katalon.core.main.TestSuiteExecutor.execute(TestSuiteExecutor.java:106)
	at com.kms.katalon.core.main.TestCaseMain.startTestSuite(TestCaseMain.java:187)
	at com.kms.katalon.core.main.TestCaseMain$startTestSuite$0.call(Unknown Source)
	at TempTestSuite1700231132250.run(TempTestSuite1700231132250.groovy:36)
Caused by: com.kms.katalon.core.exception.StepFailedException: Text 'Connection Successful.' is not present on page 
	at com.kms.katalon.core.webui.keyword.internal.WebUIKeywordMain.stepFailed(WebUIKeywordMain.groovy:64)
	at com.kms.katalon.core.webui.keyword.builtin.VerifyTextPresentKeyword$_verifyTextPresent_closure1.doCall(VerifyTextPresentKeyword.groovy:79)
	at com.kms.katalon.core.webui.keyword.builtin.VerifyTextPresentKeyword$_verifyTextPresent_closure1.call(VerifyTextPresentKeyword.groovy)
	at com.kms.katalon.core.webui.keyword.internal.WebUIKeywordMain.runKeyword(WebUIKeywordMain.groovy:20)
	... 19 more
)
[[ATTACHMENT|C:\\Users\\Daniel\\git\\EYM-Automate-Connection-Page\\Reports\\20231117_222532\\EYMIO Project\\Sandbox\\EYMIO Sandbox Instance Connection Checking\\20231117_222532\\1700231188810.png]]]]></system-out>
         <system-err><![CDATA[2023-11-17 22:25:45 - [TEST_CASE][FAILED] - Test Cases/EYM IO Sandbox Instance/Exemptax/E_Schylling-ExempTaxConnection: Test Cases/EYM IO Sandbox Instance/Exemptax/E_Schylling-ExempTaxConnection FAILED.
Reason:
com.kms.katalon.core.exception.StepFailedException: Unable to verify text 'Connection Successful.' is present 
	at com.kms.katalon.core.webui.keyword.internal.WebUIKeywordMain.stepFailed(WebUIKeywordMain.groovy:64)
	at com.kms.katalon.core.webui.keyword.internal.WebUIKeywordMain.runKeyword(WebUIKeywordMain.groovy:26)
	at com.kms.katalon.core.webui.keyword.builtin.VerifyTextPresentKeyword.verifyTextPresent(VerifyTextPresentKeyword.groovy:83)
	at com.kms.katalon.core.webui.keyword.builtin.VerifyTextPresentKeyword.execute(VerifyTextPresentKeyword.groovy:68)
	at com.kms.katalon.core.keyword.internal.KeywordExecutor.executeKeywordForPlatform(KeywordExecutor.groovy:74)
	at com.kms.katalon.core.webui.keyword.WebUiBuiltInKeywords.verifyTextPresent(WebUiBuiltInKeywords.groovy:1723)
	at com.kms.katalon.core.webui.keyword.WebUiBuiltInKeywords$verifyTextPresent$7.call(Unknown Source)
	at E_Schylling-ExempTaxConnection.run(E_Schylling-ExempTaxConnection:48)
	at com.kms.katalon.core.main.ScriptEngine.run(ScriptEngine.java:194)
	at com.kms.katalon.core.main.ScriptEngine.runScriptAsRawText(ScriptEngine.java:119)
	at com.kms.katalon.core.main.TestCaseExecutor.runScript(TestCaseExecutor.java:448)
	at com.kms.katalon.core.main.TestCaseExecutor.doExecute(TestCaseExecutor.java:439)
	at com.kms.katalon.core.main.TestCaseExecutor.processExecutionPhase(TestCaseExecutor.java:418)
	at com.kms.katalon.core.main.TestCaseExecutor.accessMainPhase(TestCaseExecutor.java:410)
	at com.kms.katalon.core.main.TestCaseExecutor.execute(TestCaseExecutor.java:285)
	at com.kms.katalon.core.common.CommonExecutor.accessTestCaseMainPhase(CommonExecutor.java:65)
	at com.kms.katalon.core.main.TestSuiteExecutor.accessTestSuiteMainPhase(TestSuiteExecutor.java:148)
	at com.kms.katalon.core.main.TestSuiteExecutor.execute(TestSuiteExecutor.java:106)
	at com.kms.katalon.core.main.TestCaseMain.startTestSuite(TestCaseMain.java:187)
	at com.kms.katalon.core.main.TestCaseMain$startTestSuite$0.call(Unknown Source)
	at TempTestSuite1700231132250.run(TempTestSuite1700231132250.groovy:36)
Caused by: com.kms.katalon.core.exception.StepFailedException: Text 'Connection Successful.' is not present on page 
	at com.kms.katalon.core.webui.keyword.internal.WebUIKeywordMain.stepFailed(WebUIKeywordMain.groovy:64)
	at com.kms.katalon.core.webui.keyword.builtin.VerifyTextPresentKeyword$_verifyTextPresent_closure1.doCall(VerifyTextPresentKeyword.groovy:79)
	at com.kms.katalon.core.webui.keyword.builtin.VerifyTextPresentKeyword$_verifyTextPresent_closure1.call(VerifyTextPresentKeyword.groovy)
	at com.kms.katalon.core.webui.keyword.internal.WebUIKeywordMain.runKeyword(WebUIKeywordMain.groovy:20)
	... 19 more]]></system-err>
      </testcase>
      <testcase name="Test Cases/EYM IO Sandbox Instance/Exemptax/E_Schylling-NetsuiteTokenBasedConnection" time="38.861" classname="Test Cases/EYM IO Sandbox Instance/Exemptax/E_Schylling-NetsuiteTokenBasedConnection" status="FAILED">
         <failure type="FAILED" message="Test Cases/EYM IO Sandbox Instance/Exemptax/E_Schylling-NetsuiteTokenBasedConnection FAILED.
Reason:
com.kms.katalon.core.exception.StepFailedException: Unable to verify text 'Connection Successful.' is present 
	at com.kms.katalon.core.webui.keyword.internal.WebUIKeywordMain.stepFailed(WebUIKeywordMain.groovy:64)
	at com.kms.katalon.core.webui.keyword.internal.WebUIKeywordMain.runKeyword(WebUIKeywordMain.groovy:26)
	at com.kms.katalon.core.webui.keyword.builtin.VerifyTextPresentKeyword.verifyTextPresent(VerifyTextPresentKeyword.groovy:83)
	at com.kms.katalon.core.webui.keyword.builtin.VerifyTextPresentKeyword.execute(VerifyTextPresentKeyword.groovy:68)
	at com.kms.katalon.core.keyword.internal.KeywordExecutor.executeKeywordForPlatform(KeywordExecutor.groovy:74)
	at com.kms.katalon.core.webui.keyword.WebUiBuiltInKeywords.verifyTextPresent(WebUiBuiltInKeywords.groovy:1723)
	at com.kms.katalon.core.webui.keyword.WebUiBuiltInKeywords$verifyTextPresent$7.call(Unknown Source)
	at E_Schylling-NetsuiteTokenBasedConnection.run(E_Schylling-NetsuiteTokenBasedConnection:48)
	at com.kms.katalon.core.main.ScriptEngine.run(ScriptEngine.java:194)
	at com.kms.katalon.core.main.ScriptEngine.runScriptAsRawText(ScriptEngine.java:119)
	at com.kms.katalon.core.main.TestCaseExecutor.runScript(TestCaseExecutor.java:448)
	at com.kms.katalon.core.main.TestCaseExecutor.doExecute(TestCaseExecutor.java:439)
	at com.kms.katalon.core.main.TestCaseExecutor.processExecutionPhase(TestCaseExecutor.java:418)
	at com.kms.katalon.core.main.TestCaseExecutor.accessMainPhase(TestCaseExecutor.java:410)
	at com.kms.katalon.core.main.TestCaseExecutor.execute(TestCaseExecutor.java:285)
	at com.kms.katalon.core.common.CommonExecutor.accessTestCaseMainPhase(CommonExecutor.java:65)
	at com.kms.katalon.core.main.TestSuiteExecutor.accessTestSuiteMainPhase(TestSuiteExecutor.java:148)
	at com.kms.katalon.core.main.TestSuiteExecutor.execute(TestSuiteExecutor.java:106)
	at com.kms.katalon.core.main.TestCaseMain.startTestSuite(TestCaseMain.java:187)
	at com.kms.katalon.core.main.TestCaseMain$startTestSuite$0.call(Unknown Source)
	at TempTestSuite1700231132250.run(TempTestSuite1700231132250.groovy:36)
Caused by: com.kms.katalon.core.exception.StepFailedException: Text 'Connection Successful.' is not present on page 
	at com.kms.katalon.core.webui.keyword.internal.WebUIKeywordMain.stepFailed(WebUIKeywordMain.groovy:64)
	at com.kms.katalon.core.webui.keyword.builtin.VerifyTextPresentKeyword$_verifyTextPresent_closure1.doCall(VerifyTextPresentKeyword.groovy:79)
	at com.kms.katalon.core.webui.keyword.builtin.VerifyTextPresentKeyword$_verifyTextPresent_closure1.call(VerifyTextPresentKeyword.groovy)
	at com.kms.katalon.core.webui.keyword.internal.WebUIKeywordMain.runKeyword(WebUIKeywordMain.groovy:20)
	... 19 more
"/>
         <system-out><![CDATA[2023-11-17 22:26:29 - [TEST_CASE][FAILED] - Test Cases/EYM IO Sandbox Instance/Exemptax/E_Schylling-NetsuiteTokenBasedConnection: Test Cases/EYM IO Sandbox Instance/Exemptax/E_Schylling-NetsuiteTokenBasedConnection FAILED.
Reason:
com.kms.katalon.core.exception.StepFailedException: Unable to verify text 'Connection Successful.' is present 
	at com.kms.katalon.core.webui.keyword.internal.WebUIKeywordMain.stepFailed(WebUIKeywordMain.groovy:64)
	at com.kms.katalon.core.webui.keyword.internal.WebUIKeywordMain.runKeyword(WebUIKeywordMain.groovy:26)
	at com.kms.katalon.core.webui.keyword.builtin.VerifyTextPresentKeyword.verifyTextPresent(VerifyTextPresentKeyword.groovy:83)
	at com.kms.katalon.core.webui.keyword.builtin.VerifyTextPresentKeyword.execute(VerifyTextPresentKeyword.groovy:68)
	at com.kms.katalon.core.keyword.internal.KeywordExecutor.executeKeywordForPlatform(KeywordExecutor.groovy:74)
	at com.kms.katalon.core.webui.keyword.WebUiBuiltInKeywords.verifyTextPresent(WebUiBuiltInKeywords.groovy:1723)
	at com.kms.katalon.core.webui.keyword.WebUiBuiltInKeywords$verifyTextPresent$7.call(Unknown Source)
	at E_Schylling-NetsuiteTokenBasedConnection.run(E_Schylling-NetsuiteTokenBasedConnection:48)
	at com.kms.katalon.core.main.ScriptEngine.run(ScriptEngine.java:194)
	at com.kms.katalon.core.main.ScriptEngine.runScriptAsRawText(ScriptEngine.java:119)
	at com.kms.katalon.core.main.TestCaseExecutor.runScript(TestCaseExecutor.java:448)
	at com.kms.katalon.core.main.TestCaseExecutor.doExecute(TestCaseExecutor.java:439)
	at com.kms.katalon.core.main.TestCaseExecutor.processExecutionPhase(TestCaseExecutor.java:418)
	at com.kms.katalon.core.main.TestCaseExecutor.accessMainPhase(TestCaseExecutor.java:410)
	at com.kms.katalon.core.main.TestCaseExecutor.execute(TestCaseExecutor.java:285)
	at com.kms.katalon.core.common.CommonExecutor.accessTestCaseMainPhase(CommonExecutor.java:65)
	at com.kms.katalon.core.main.TestSuiteExecutor.accessTestSuiteMainPhase(TestSuiteExecutor.java:148)
	at com.kms.katalon.core.main.TestSuiteExecutor.execute(TestSuiteExecutor.java:106)
	at com.kms.katalon.core.main.TestCaseMain.startTestSuite(TestCaseMain.java:187)
	at com.kms.katalon.core.main.TestCaseMain$startTestSuite$0.call(Unknown Source)
	at TempTestSuite1700231132250.run(TempTestSuite1700231132250.groovy:36)
Caused by: com.kms.katalon.core.exception.StepFailedException: Text 'Connection Successful.' is not present on page 
	at com.kms.katalon.core.webui.keyword.internal.WebUIKeywordMain.stepFailed(WebUIKeywordMain.groovy:64)
	at com.kms.katalon.core.webui.keyword.builtin.VerifyTextPresentKeyword$_verifyTextPresent_closure1.doCall(VerifyTextPresentKeyword.groovy:79)
	at com.kms.katalon.core.webui.keyword.builtin.VerifyTextPresentKeyword$_verifyTextPresent_closure1.call(VerifyTextPresentKeyword.groovy)
	at com.kms.katalon.core.webui.keyword.internal.WebUIKeywordMain.runKeyword(WebUIKeywordMain.groovy:20)
	... 19 more


2023-11-17 22:26:29 - [TEST_STEP][PASSED] - callTestCase(findTestCase("EYM IO Login/Login Exemptax Sandbox"), [:], STOP_ON_FAILURE): Call Test Case 'Test Cases/EYM IO Login/Login Exemptax Sandbox' successfully

2023-11-17 22:26:29 - [TEST_CASE][PASSED] - Test Cases/EYM IO Login/Login Exemptax Sandbox: Test Cases/EYM IO Login/Login Exemptax Sandbox

2023-11-17 22:26:29 - [TEST_STEP][PASSED] - openBrowser("https://exemptax-web-sb.excelym.com/"): Browser is opened with url: 'https://exemptax-web-sb.excelym.com/'

2023-11-17 22:26:29 - [MESSAGE][WARNING] - A browser is already opened. Closing browser and opening a new one

2023-11-17 22:26:31 - [MESSAGE][INFO] - Starting 'Chrome' driver

2023-11-17 22:26:31 - [MESSAGE][INFO] - Action delay is set to 0 milliseconds

2023-11-17 22:26:37 - [MESSAGE][PASSED] - Browser is opened with url: 'https://exemptax-web-sb.excelym.com/'

2023-11-17 22:26:37 - [TEST_STEP][PASSED] - maximizeWindow(): Current window maximized

2023-11-17 22:26:37 - [MESSAGE][PASSED] - Current window maximized

2023-11-17 22:26:37 - [TEST_STEP][PASSED] - delay(2): Delayed 2 second(s)

2023-11-17 22:26:39 - [MESSAGE][PASSED] - Delayed 2 second(s)

2023-11-17 22:26:39 - [TEST_STEP][PASSED] - click(findTestObject("EYM IO - Login Page/Username - Email")): Object: 'Object Repository/EYM IO - Login Page/Username - Email' is clicked on

2023-11-17 22:26:39 - [MESSAGE][PASSED] - Object: 'Object Repository/EYM IO - Login Page/Username - Email' is clicked on

2023-11-17 22:26:39 - [TEST_STEP][PASSED] - setText(findTestObject("EYM IO - Login Page/Username - Email"), "super@excelym.com"): Text 'super@excelym.com' is set on object 'Object Repository/EYM IO - Login Page/Username - Email'

2023-11-17 22:26:40 - [MESSAGE][PASSED] - Text 'super@excelym.com' is set on object 'Object Repository/EYM IO - Login Page/Username - Email'

2023-11-17 22:26:40 - [TEST_STEP][PASSED] - delay(2): Delayed 2 second(s)

2023-11-17 22:26:42 - [MESSAGE][PASSED] - Delayed 2 second(s)

2023-11-17 22:26:42 - [TEST_STEP][PASSED] - click(findTestObject("EYM IO - Login Page/Password")): Object: 'Object Repository/EYM IO - Login Page/Password' is clicked on

2023-11-17 22:26:43 - [MESSAGE][PASSED] - Object: 'Object Repository/EYM IO - Login Page/Password' is clicked on

2023-11-17 22:26:43 - [TEST_STEP][PASSED] - setEncryptedText(findTestObject("EYM IO - Login Page/Password"), "SYb/3ow/20+o2oI9OaGCEA=="): Text ****** has been set on object 'Object Repository/EYM IO - Login Page/Password'

2023-11-17 22:26:43 - [MESSAGE][PASSED] - Text ****** has been set on object 'Object Repository/EYM IO - Login Page/Password'

2023-11-17 22:26:43 - [TEST_STEP][PASSED] - delay(2): Delayed 2 second(s)

2023-11-17 22:26:45 - [MESSAGE][PASSED] - Delayed 2 second(s)

2023-11-17 22:26:45 - [TEST_STEP][PASSED] - mouseOver(findTestObject("EYM IO - Login Page/Login Button")): Object: 'Object Repository/EYM IO - Login Page/Login Button' is hovered

2023-11-17 22:26:46 - [MESSAGE][PASSED] - Object: 'Object Repository/EYM IO - Login Page/Login Button' is hovered

2023-11-17 22:26:46 - [TEST_STEP][PASSED] - click(findTestObject("EYM IO - Login Page/Login Button")): Object: 'Object Repository/EYM IO - Login Page/Login Button' is clicked on

2023-11-17 22:26:47 - [MESSAGE][PASSED] - Object: 'Object Repository/EYM IO - Login Page/Login Button' is clicked on

2023-11-17 22:26:47 - [MESSAGE][PASSED] - Call Test Case 'Test Cases/EYM IO Login/Login Exemptax Sandbox' successfully

2023-11-17 22:26:47 - [TEST_STEP][PASSED] - delay(5): Delayed 5 second(s)

2023-11-17 22:26:52 - [MESSAGE][PASSED] - Delayed 5 second(s)

2023-11-17 22:26:52 - [TEST_STEP][PASSED] - mouseOver(findTestObject("EYM IO - Dashboard Page/IO Maintenance")): Object: 'Object Repository/EYM IO - Dashboard Page/IO Maintenance' is hovered

2023-11-17 22:26:53 - [MESSAGE][PASSED] - Object: 'Object Repository/EYM IO - Dashboard Page/IO Maintenance' is hovered

2023-11-17 22:26:53 - [TEST_STEP][PASSED] - delay(2): Delayed 2 second(s)

2023-11-17 22:26:55 - [MESSAGE][PASSED] - Delayed 2 second(s)

2023-11-17 22:26:55 - [TEST_STEP][PASSED] - mouseOver(findTestObject("EYM IO - Dashboard Page/IO Connection")): Object: 'Object Repository/EYM IO - Dashboard Page/IO Connection' is hovered

2023-11-17 22:26:55 - [MESSAGE][PASSED] - Object: 'Object Repository/EYM IO - Dashboard Page/IO Connection' is hovered

2023-11-17 22:26:55 - [TEST_STEP][PASSED] - delay(2): Delayed 2 second(s)

2023-11-17 22:26:57 - [MESSAGE][PASSED] - Delayed 2 second(s)

2023-11-17 22:26:57 - [TEST_STEP][PASSED] - click(findTestObject("EYM IO - Dashboard Page/IO Connection")): Object: 'Object Repository/EYM IO - Dashboard Page/IO Connection' is clicked on

2023-11-17 22:26:58 - [MESSAGE][PASSED] - Object: 'Object Repository/EYM IO - Dashboard Page/IO Connection' is clicked on

2023-11-17 22:26:58 - [TEST_STEP][PASSED] - delay(2): Delayed 2 second(s)

2023-11-17 22:27:00 - [MESSAGE][PASSED] - Delayed 2 second(s)

2023-11-17 22:27:00 - [TEST_STEP][PASSED] - mouseOver(findTestObject("EYM IO - Connection Page/Exemptax/Exemptax Sandbox/Schylling-NetsuiteTokenBased Connection")): Object: 'Object Repository/EYM IO - Connection Page/Exemptax/Exemptax Sandbox/Schylling-NetsuiteTokenBased Connection' is hovered

2023-11-17 22:27:01 - [MESSAGE][PASSED] - Object: 'Object Repository/EYM IO - Connection Page/Exemptax/Exemptax Sandbox/Schylling-NetsuiteTokenBased Connection' is hovered

2023-11-17 22:27:01 - [TEST_STEP][PASSED] - delay(2): Delayed 2 second(s)

2023-11-17 22:27:03 - [MESSAGE][PASSED] - Delayed 2 second(s)

2023-11-17 22:27:03 - [TEST_STEP][PASSED] - click(findTestObject("EYM IO - Connection Page/Exemptax/Exemptax Sandbox/Schylling-NetsuiteTokenBased Connection")): Object: 'Object Repository/EYM IO - Connection Page/Exemptax/Exemptax Sandbox/Schylling-NetsuiteTokenBased Connection' is clicked on

2023-11-17 22:27:03 - [MESSAGE][PASSED] - Object: 'Object Repository/EYM IO - Connection Page/Exemptax/Exemptax Sandbox/Schylling-NetsuiteTokenBased Connection' is clicked on

2023-11-17 22:27:03 - [TEST_STEP][PASSED] - waitForJQueryLoad(30): jQuery is ready.

2023-11-17 22:27:03 - [MESSAGE][PASSED] - jQuery is ready.

2023-11-17 22:27:03 - [TEST_STEP][PASSED] - delay(3): Delayed 3 second(s)

2023-11-17 22:27:06 - [MESSAGE][PASSED] - Delayed 3 second(s)

2023-11-17 22:27:06 - [TEST_STEP][PASSED] - verifyElementPresent(findTestObject("EYM IO - Dashboard Page/Connection - Successful"), 0): Object 'Object Repository/EYM IO - Dashboard Page/Connection - Successful' is present

2023-11-17 22:27:06 - [MESSAGE][WARNING] - Timeout '0' is invalid. Using default page load timeout: '30'

2023-11-17 22:27:07 - [MESSAGE][PASSED] - Object 'Object Repository/EYM IO - Dashboard Page/Connection - Successful' is present

2023-11-17 22:27:07 - [TEST_STEP][FAILED] - verifyTextPresent("Connection Successful.", false): Unable to verify text 'Connection Successful.' is present  (Root cause: com.kms.katalon.core.exception.StepFailedException: Unable to verify text 'Connection Successful.' is present 
	at com.kms.katalon.core.webui.keyword.internal.WebUIKeywordMain.stepFailed(WebUIKeywordMain.groovy:64)
	at com.kms.katalon.core.webui.keyword.internal.WebUIKeywordMain.runKeyword(WebUIKeywordMain.groovy:26)
	at com.kms.katalon.core.webui.keyword.builtin.VerifyTextPresentKeyword.verifyTextPresent(VerifyTextPresentKeyword.groovy:83)
	at com.kms.katalon.core.webui.keyword.builtin.VerifyTextPresentKeyword.execute(VerifyTextPresentKeyword.groovy:68)
	at com.kms.katalon.core.keyword.internal.KeywordExecutor.executeKeywordForPlatform(KeywordExecutor.groovy:74)
	at com.kms.katalon.core.webui.keyword.WebUiBuiltInKeywords.verifyTextPresent(WebUiBuiltInKeywords.groovy:1723)
	at com.kms.katalon.core.webui.keyword.WebUiBuiltInKeywords$verifyTextPresent$7.call(Unknown Source)
	at E_Schylling-NetsuiteTokenBasedConnection.run(E_Schylling-NetsuiteTokenBasedConnection:48)
	at com.kms.katalon.core.main.ScriptEngine.run(ScriptEngine.java:194)
	at com.kms.katalon.core.main.ScriptEngine.runScriptAsRawText(ScriptEngine.java:119)
	at com.kms.katalon.core.main.TestCaseExecutor.runScript(TestCaseExecutor.java:448)
	at com.kms.katalon.core.main.TestCaseExecutor.doExecute(TestCaseExecutor.java:439)
	at com.kms.katalon.core.main.TestCaseExecutor.processExecutionPhase(TestCaseExecutor.java:418)
	at com.kms.katalon.core.main.TestCaseExecutor.accessMainPhase(TestCaseExecutor.java:410)
	at com.kms.katalon.core.main.TestCaseExecutor.execute(TestCaseExecutor.java:285)
	at com.kms.katalon.core.common.CommonExecutor.accessTestCaseMainPhase(CommonExecutor.java:65)
	at com.kms.katalon.core.main.TestSuiteExecutor.accessTestSuiteMainPhase(TestSuiteExecutor.java:148)
	at com.kms.katalon.core.main.TestSuiteExecutor.execute(TestSuiteExecutor.java:106)
	at com.kms.katalon.core.main.TestCaseMain.startTestSuite(TestCaseMain.java:187)
	at com.kms.katalon.core.main.TestCaseMain$startTestSuite$0.call(Unknown Source)
	at TempTestSuite1700231132250.run(TempTestSuite1700231132250.groovy:36)
Caused by: com.kms.katalon.core.exception.StepFailedException: Text 'Connection Successful.' is not present on page 
	at com.kms.katalon.core.webui.keyword.internal.WebUIKeywordMain.stepFailed(WebUIKeywordMain.groovy:64)
	at com.kms.katalon.core.webui.keyword.builtin.VerifyTextPresentKeyword$_verifyTextPresent_closure1.doCall(VerifyTextPresentKeyword.groovy:79)
	at com.kms.katalon.core.webui.keyword.builtin.VerifyTextPresentKeyword$_verifyTextPresent_closure1.call(VerifyTextPresentKeyword.groovy)
	at com.kms.katalon.core.webui.keyword.internal.WebUIKeywordMain.runKeyword(WebUIKeywordMain.groovy:20)
	... 19 more
)

2023-11-17 22:27:07 - [MESSAGE][FAILED] - Text 'Connection Successful.' is not present on page  (Root cause: com.kms.katalon.core.exception.StepFailedException: Text 'Connection Successful.' is not present on page 
	at com.kms.katalon.core.webui.keyword.internal.WebUIKeywordMain.stepFailed(WebUIKeywordMain.groovy:64)
	at com.kms.katalon.core.webui.keyword.builtin.VerifyTextPresentKeyword$_verifyTextPresent_closure1.doCall(VerifyTextPresentKeyword.groovy:79)
	at com.kms.katalon.core.webui.keyword.builtin.VerifyTextPresentKeyword$_verifyTextPresent_closure1.call(VerifyTextPresentKeyword.groovy)
	at com.kms.katalon.core.webui.keyword.internal.WebUIKeywordMain.runKeyword(WebUIKeywordMain.groovy:20)
	at com.kms.katalon.core.webui.keyword.builtin.VerifyTextPresentKeyword.verifyTextPresent(VerifyTextPresentKeyword.groovy:83)
	at com.kms.katalon.core.webui.keyword.builtin.VerifyTextPresentKeyword.execute(VerifyTextPresentKeyword.groovy:68)
	at com.kms.katalon.core.keyword.internal.KeywordExecutor.executeKeywordForPlatform(KeywordExecutor.groovy:74)
	at com.kms.katalon.core.webui.keyword.WebUiBuiltInKeywords.verifyTextPresent(WebUiBuiltInKeywords.groovy:1723)
	at com.kms.katalon.core.webui.keyword.WebUiBuiltInKeywords$verifyTextPresent$7.call(Unknown Source)
	at E_Schylling-NetsuiteTokenBasedConnection.run(E_Schylling-NetsuiteTokenBasedConnection:48)
	at com.kms.katalon.core.main.ScriptEngine.run(ScriptEngine.java:194)
	at com.kms.katalon.core.main.ScriptEngine.runScriptAsRawText(ScriptEngine.java:119)
	at com.kms.katalon.core.main.TestCaseExecutor.runScript(TestCaseExecutor.java:448)
	at com.kms.katalon.core.main.TestCaseExecutor.doExecute(TestCaseExecutor.java:439)
	at com.kms.katalon.core.main.TestCaseExecutor.processExecutionPhase(TestCaseExecutor.java:418)
	at com.kms.katalon.core.main.TestCaseExecutor.accessMainPhase(TestCaseExecutor.java:410)
	at com.kms.katalon.core.main.TestCaseExecutor.execute(TestCaseExecutor.java:285)
	at com.kms.katalon.core.common.CommonExecutor.accessTestCaseMainPhase(CommonExecutor.java:65)
	at com.kms.katalon.core.main.TestSuiteExecutor.accessTestSuiteMainPhase(TestSuiteExecutor.java:148)
	at com.kms.katalon.core.main.TestSuiteExecutor.execute(TestSuiteExecutor.java:106)
	at com.kms.katalon.core.main.TestCaseMain.startTestSuite(TestCaseMain.java:187)
	at com.kms.katalon.core.main.TestCaseMain$startTestSuite$0.call(Unknown Source)
	at TempTestSuite1700231132250.run(TempTestSuite1700231132250.groovy:36)
)

2023-11-17 22:27:07 - [MESSAGE][FAILED] - Unable to verify text 'Connection Successful.' is present  (Root cause: com.kms.katalon.core.exception.StepFailedException: Unable to verify text 'Connection Successful.' is present 
	at com.kms.katalon.core.webui.keyword.internal.WebUIKeywordMain.stepFailed(WebUIKeywordMain.groovy:64)
	at com.kms.katalon.core.webui.keyword.internal.WebUIKeywordMain.runKeyword(WebUIKeywordMain.groovy:26)
	at com.kms.katalon.core.webui.keyword.builtin.VerifyTextPresentKeyword.verifyTextPresent(VerifyTextPresentKeyword.groovy:83)
	at com.kms.katalon.core.webui.keyword.builtin.VerifyTextPresentKeyword.execute(VerifyTextPresentKeyword.groovy:68)
	at com.kms.katalon.core.keyword.internal.KeywordExecutor.executeKeywordForPlatform(KeywordExecutor.groovy:74)
	at com.kms.katalon.core.webui.keyword.WebUiBuiltInKeywords.verifyTextPresent(WebUiBuiltInKeywords.groovy:1723)
	at com.kms.katalon.core.webui.keyword.WebUiBuiltInKeywords$verifyTextPresent$7.call(Unknown Source)
	at E_Schylling-NetsuiteTokenBasedConnection.run(E_Schylling-NetsuiteTokenBasedConnection:48)
	at com.kms.katalon.core.main.ScriptEngine.run(ScriptEngine.java:194)
	at com.kms.katalon.core.main.ScriptEngine.runScriptAsRawText(ScriptEngine.java:119)
	at com.kms.katalon.core.main.TestCaseExecutor.runScript(TestCaseExecutor.java:448)
	at com.kms.katalon.core.main.TestCaseExecutor.doExecute(TestCaseExecutor.java:439)
	at com.kms.katalon.core.main.TestCaseExecutor.processExecutionPhase(TestCaseExecutor.java:418)
	at com.kms.katalon.core.main.TestCaseExecutor.accessMainPhase(TestCaseExecutor.java:410)
	at com.kms.katalon.core.main.TestCaseExecutor.execute(TestCaseExecutor.java:285)
	at com.kms.katalon.core.common.CommonExecutor.accessTestCaseMainPhase(CommonExecutor.java:65)
	at com.kms.katalon.core.main.TestSuiteExecutor.accessTestSuiteMainPhase(TestSuiteExecutor.java:148)
	at com.kms.katalon.core.main.TestSuiteExecutor.execute(TestSuiteExecutor.java:106)
	at com.kms.katalon.core.main.TestCaseMain.startTestSuite(TestCaseMain.java:187)
	at com.kms.katalon.core.main.TestCaseMain$startTestSuite$0.call(Unknown Source)
	at TempTestSuite1700231132250.run(TempTestSuite1700231132250.groovy:36)
Caused by: com.kms.katalon.core.exception.StepFailedException: Text 'Connection Successful.' is not present on page 
	at com.kms.katalon.core.webui.keyword.internal.WebUIKeywordMain.stepFailed(WebUIKeywordMain.groovy:64)
	at com.kms.katalon.core.webui.keyword.builtin.VerifyTextPresentKeyword$_verifyTextPresent_closure1.doCall(VerifyTextPresentKeyword.groovy:79)
	at com.kms.katalon.core.webui.keyword.builtin.VerifyTextPresentKeyword$_verifyTextPresent_closure1.call(VerifyTextPresentKeyword.groovy)
	at com.kms.katalon.core.webui.keyword.internal.WebUIKeywordMain.runKeyword(WebUIKeywordMain.groovy:20)
	... 19 more
)
[[ATTACHMENT|C:\\Users\\Daniel\\git\\EYM-Automate-Connection-Page\\Reports\\20231117_222532\\EYMIO Project\\Sandbox\\EYMIO Sandbox Instance Connection Checking\\20231117_222532\\1700231227769.png]]]]></system-out>
         <system-err><![CDATA[2023-11-17 22:26:29 - [TEST_CASE][FAILED] - Test Cases/EYM IO Sandbox Instance/Exemptax/E_Schylling-NetsuiteTokenBasedConnection: Test Cases/EYM IO Sandbox Instance/Exemptax/E_Schylling-NetsuiteTokenBasedConnection FAILED.
Reason:
com.kms.katalon.core.exception.StepFailedException: Unable to verify text 'Connection Successful.' is present 
	at com.kms.katalon.core.webui.keyword.internal.WebUIKeywordMain.stepFailed(WebUIKeywordMain.groovy:64)
	at com.kms.katalon.core.webui.keyword.internal.WebUIKeywordMain.runKeyword(WebUIKeywordMain.groovy:26)
	at com.kms.katalon.core.webui.keyword.builtin.VerifyTextPresentKeyword.verifyTextPresent(VerifyTextPresentKeyword.groovy:83)
	at com.kms.katalon.core.webui.keyword.builtin.VerifyTextPresentKeyword.execute(VerifyTextPresentKeyword.groovy:68)
	at com.kms.katalon.core.keyword.internal.KeywordExecutor.executeKeywordForPlatform(KeywordExecutor.groovy:74)
	at com.kms.katalon.core.webui.keyword.WebUiBuiltInKeywords.verifyTextPresent(WebUiBuiltInKeywords.groovy:1723)
	at com.kms.katalon.core.webui.keyword.WebUiBuiltInKeywords$verifyTextPresent$7.call(Unknown Source)
	at E_Schylling-NetsuiteTokenBasedConnection.run(E_Schylling-NetsuiteTokenBasedConnection:48)
	at com.kms.katalon.core.main.ScriptEngine.run(ScriptEngine.java:194)
	at com.kms.katalon.core.main.ScriptEngine.runScriptAsRawText(ScriptEngine.java:119)
	at com.kms.katalon.core.main.TestCaseExecutor.runScript(TestCaseExecutor.java:448)
	at com.kms.katalon.core.main.TestCaseExecutor.doExecute(TestCaseExecutor.java:439)
	at com.kms.katalon.core.main.TestCaseExecutor.processExecutionPhase(TestCaseExecutor.java:418)
	at com.kms.katalon.core.main.TestCaseExecutor.accessMainPhase(TestCaseExecutor.java:410)
	at com.kms.katalon.core.main.TestCaseExecutor.execute(TestCaseExecutor.java:285)
	at com.kms.katalon.core.common.CommonExecutor.accessTestCaseMainPhase(CommonExecutor.java:65)
	at com.kms.katalon.core.main.TestSuiteExecutor.accessTestSuiteMainPhase(TestSuiteExecutor.java:148)
	at com.kms.katalon.core.main.TestSuiteExecutor.execute(TestSuiteExecutor.java:106)
	at com.kms.katalon.core.main.TestCaseMain.startTestSuite(TestCaseMain.java:187)
	at com.kms.katalon.core.main.TestCaseMain$startTestSuite$0.call(Unknown Source)
	at TempTestSuite1700231132250.run(TempTestSuite1700231132250.groovy:36)
Caused by: com.kms.katalon.core.exception.StepFailedException: Text 'Connection Successful.' is not present on page 
	at com.kms.katalon.core.webui.keyword.internal.WebUIKeywordMain.stepFailed(WebUIKeywordMain.groovy:64)
	at com.kms.katalon.core.webui.keyword.builtin.VerifyTextPresentKeyword$_verifyTextPresent_closure1.doCall(VerifyTextPresentKeyword.groovy:79)
	at com.kms.katalon.core.webui.keyword.builtin.VerifyTextPresentKeyword$_verifyTextPresent_closure1.call(VerifyTextPresentKeyword.groovy)
	at com.kms.katalon.core.webui.keyword.internal.WebUIKeywordMain.runKeyword(WebUIKeywordMain.groovy:20)
	... 19 more]]></system-err>
      </testcase>
      <testcase name="Test Cases/EYM IO Sandbox Instance/Propeller/P_BambooHRConnection" time="40.388" classname="Test Cases/EYM IO Sandbox Instance/Propeller/P_BambooHRConnection" status="PASSED">
         <system-out><![CDATA[2023-11-17 22:27:08 - [TEST_CASE][PASSED] - Test Cases/EYM IO Sandbox Instance/Propeller/P_BambooHRConnection: Test Cases/EYM IO Sandbox Instance/Propeller/P_BambooHRConnection

2023-11-17 22:27:08 - [TEST_STEP][PASSED] - callTestCase(findTestCase("EYM IO Login/Login Propeller Sandbox"), [:], STOP_ON_FAILURE): Call Test Case 'Test Cases/EYM IO Login/Login Propeller Sandbox' successfully

2023-11-17 22:27:08 - [TEST_CASE][PASSED] - Test Cases/EYM IO Login/Login Propeller Sandbox: Test Cases/EYM IO Login/Login Propeller Sandbox

2023-11-17 22:27:09 - [TEST_STEP][PASSED] - openBrowser("https://ppl-web-sb.excelym.com/"): Browser is opened with url: 'https://ppl-web-sb.excelym.com/'

2023-11-17 22:27:09 - [MESSAGE][WARNING] - A browser is already opened. Closing browser and opening a new one

2023-11-17 22:27:10 - [MESSAGE][INFO] - Starting 'Chrome' driver

2023-11-17 22:27:10 - [MESSAGE][INFO] - Action delay is set to 0 milliseconds

2023-11-17 22:27:16 - [MESSAGE][PASSED] - Browser is opened with url: 'https://ppl-web-sb.excelym.com/'

2023-11-17 22:27:16 - [TEST_STEP][PASSED] - maximizeWindow(): Current window maximized

2023-11-17 22:27:16 - [MESSAGE][PASSED] - Current window maximized

2023-11-17 22:27:16 - [TEST_STEP][PASSED] - delay(2): Delayed 2 second(s)

2023-11-17 22:27:18 - [MESSAGE][PASSED] - Delayed 2 second(s)

2023-11-17 22:27:18 - [TEST_STEP][PASSED] - click(findTestObject("EYM IO - Login Page/Username - Email")): Object: 'Object Repository/EYM IO - Login Page/Username - Email' is clicked on

2023-11-17 22:27:18 - [MESSAGE][PASSED] - Object: 'Object Repository/EYM IO - Login Page/Username - Email' is clicked on

2023-11-17 22:27:18 - [TEST_STEP][PASSED] - setText(findTestObject("EYM IO - Login Page/Username - Email"), "super@excelym.com"): Text 'super@excelym.com' is set on object 'Object Repository/EYM IO - Login Page/Username - Email'

2023-11-17 22:27:19 - [MESSAGE][PASSED] - Text 'super@excelym.com' is set on object 'Object Repository/EYM IO - Login Page/Username - Email'

2023-11-17 22:27:19 - [TEST_STEP][PASSED] - delay(2): Delayed 2 second(s)

2023-11-17 22:27:21 - [MESSAGE][PASSED] - Delayed 2 second(s)

2023-11-17 22:27:21 - [TEST_STEP][PASSED] - click(findTestObject("EYM IO - Login Page/Password")): Object: 'Object Repository/EYM IO - Login Page/Password' is clicked on

2023-11-17 22:27:22 - [MESSAGE][PASSED] - Object: 'Object Repository/EYM IO - Login Page/Password' is clicked on

2023-11-17 22:27:22 - [TEST_STEP][PASSED] - setEncryptedText(findTestObject("EYM IO - Login Page/Password"), "SYb/3ow/20+o2oI9OaGCEA=="): Text ****** has been set on object 'Object Repository/EYM IO - Login Page/Password'

2023-11-17 22:27:22 - [MESSAGE][PASSED] - Text ****** has been set on object 'Object Repository/EYM IO - Login Page/Password'

2023-11-17 22:27:22 - [TEST_STEP][PASSED] - delay(2): Delayed 2 second(s)

2023-11-17 22:27:24 - [MESSAGE][PASSED] - Delayed 2 second(s)

2023-11-17 22:27:24 - [TEST_STEP][PASSED] - mouseOver(findTestObject("EYM IO - Login Page/Login Button")): Object: 'Object Repository/EYM IO - Login Page/Login Button' is hovered

2023-11-17 22:27:25 - [MESSAGE][PASSED] - Object: 'Object Repository/EYM IO - Login Page/Login Button' is hovered

2023-11-17 22:27:25 - [TEST_STEP][PASSED] - click(findTestObject("EYM IO - Login Page/Login Button")): Object: 'Object Repository/EYM IO - Login Page/Login Button' is clicked on

2023-11-17 22:27:26 - [MESSAGE][PASSED] - Object: 'Object Repository/EYM IO - Login Page/Login Button' is clicked on

2023-11-17 22:27:26 - [MESSAGE][PASSED] - Call Test Case 'Test Cases/EYM IO Login/Login Propeller Sandbox' successfully

2023-11-17 22:27:26 - [TEST_STEP][PASSED] - delay(5): Delayed 5 second(s)

2023-11-17 22:27:31 - [MESSAGE][PASSED] - Delayed 5 second(s)

2023-11-17 22:27:31 - [TEST_STEP][PASSED] - mouseOver(findTestObject("EYM IO - Dashboard Page/IO Maintenance")): Object: 'Object Repository/EYM IO - Dashboard Page/IO Maintenance' is hovered

2023-11-17 22:27:31 - [MESSAGE][PASSED] - Object: 'Object Repository/EYM IO - Dashboard Page/IO Maintenance' is hovered

2023-11-17 22:27:31 - [TEST_STEP][PASSED] - delay(2): Delayed 2 second(s)

2023-11-17 22:27:33 - [MESSAGE][PASSED] - Delayed 2 second(s)

2023-11-17 22:27:33 - [TEST_STEP][PASSED] - mouseOver(findTestObject("EYM IO - Dashboard Page/IO Connection")): Object: 'Object Repository/EYM IO - Dashboard Page/IO Connection' is hovered

2023-11-17 22:27:34 - [MESSAGE][PASSED] - Object: 'Object Repository/EYM IO - Dashboard Page/IO Connection' is hovered

2023-11-17 22:27:34 - [TEST_STEP][PASSED] - delay(2): Delayed 2 second(s)

2023-11-17 22:27:36 - [MESSAGE][PASSED] - Delayed 2 second(s)

2023-11-17 22:27:36 - [TEST_STEP][PASSED] - click(findTestObject("EYM IO - Dashboard Page/IO Connection")): Object: 'Object Repository/EYM IO - Dashboard Page/IO Connection' is clicked on

2023-11-17 22:27:37 - [MESSAGE][PASSED] - Object: 'Object Repository/EYM IO - Dashboard Page/IO Connection' is clicked on

2023-11-17 22:27:37 - [TEST_STEP][PASSED] - delay(2): Delayed 2 second(s)

2023-11-17 22:27:39 - [MESSAGE][PASSED] - Delayed 2 second(s)

2023-11-17 22:27:39 - [TEST_STEP][PASSED] - mouseOver(findTestObject("EYM IO - Connection Page/Propeller/Propeller Sandbox/P_BambooHR")): Object: 'Object Repository/EYM IO - Connection Page/Propeller/Propeller Sandbox/P_BambooHR' is hovered

2023-11-17 22:27:39 - [MESSAGE][PASSED] - Object: 'Object Repository/EYM IO - Connection Page/Propeller/Propeller Sandbox/P_BambooHR' is hovered

2023-11-17 22:27:39 - [TEST_STEP][PASSED] - delay(2): Delayed 2 second(s)

2023-11-17 22:27:41 - [MESSAGE][PASSED] - Delayed 2 second(s)

2023-11-17 22:27:41 - [TEST_STEP][PASSED] - click(findTestObject("EYM IO - Connection Page/Propeller/Propeller Sandbox/P_BambooHR")): Object: 'Object Repository/EYM IO - Connection Page/Propeller/Propeller Sandbox/P_BambooHR' is clicked on

2023-11-17 22:27:42 - [MESSAGE][PASSED] - Object: 'Object Repository/EYM IO - Connection Page/Propeller/Propeller Sandbox/P_BambooHR' is clicked on

2023-11-17 22:27:42 - [TEST_STEP][PASSED] - waitForJQueryLoad(30): jQuery is ready.

2023-11-17 22:27:42 - [MESSAGE][PASSED] - jQuery is ready.

2023-11-17 22:27:42 - [TEST_STEP][PASSED] - delay(3): Delayed 3 second(s)

2023-11-17 22:27:45 - [MESSAGE][PASSED] - Delayed 3 second(s)

2023-11-17 22:27:45 - [TEST_STEP][PASSED] - verifyElementPresent(findTestObject("EYM IO - Dashboard Page/Connection - Successful"), 0): Object 'Object Repository/EYM IO - Dashboard Page/Connection - Successful' is present

2023-11-17 22:27:45 - [MESSAGE][WARNING] - Timeout '0' is invalid. Using default page load timeout: '30'

2023-11-17 22:27:45 - [MESSAGE][PASSED] - Object 'Object Repository/EYM IO - Dashboard Page/Connection - Successful' is present

2023-11-17 22:27:45 - [TEST_STEP][PASSED] - verifyTextPresent("Connection Successful.", false): Text 'Connection Successful.' is present on page 

2023-11-17 22:27:46 - [MESSAGE][PASSED] - Text 'Connection Successful.' is present on page 

2023-11-17 22:27:46 - [TEST_STEP][PASSED] - if (verifyTextPresent("Connection Successful.", true) == true): null

2023-11-17 22:27:46 - [MESSAGE][PASSED] - Text 'Connection Successful.' is present on page  using regular expression

2023-11-17 22:27:46 - [TEST_STEP][PASSED] - closeBrowser(): Browser is closed

2023-11-17 22:27:48 - [MESSAGE][PASSED] - Browser is closed]]></system-out>
         <system-err><![CDATA[]]></system-err>
      </testcase>
      <testcase name="Test Cases/EYM IO Sandbox Instance/Propeller/P_NetSuiteConnection" time="37.685" classname="Test Cases/EYM IO Sandbox Instance/Propeller/P_NetSuiteConnection" status="PASSED">
         <system-out><![CDATA[2023-11-17 22:27:48 - [TEST_CASE][PASSED] - Test Cases/EYM IO Sandbox Instance/Propeller/P_NetSuiteConnection: Test Cases/EYM IO Sandbox Instance/Propeller/P_NetSuiteConnection

2023-11-17 22:27:49 - [TEST_STEP][PASSED] - callTestCase(findTestCase("EYM IO Login/Login Propeller Sandbox"), [:], STOP_ON_FAILURE): Call Test Case 'Test Cases/EYM IO Login/Login Propeller Sandbox' successfully

2023-11-17 22:27:49 - [TEST_CASE][PASSED] - Test Cases/EYM IO Login/Login Propeller Sandbox: Test Cases/EYM IO Login/Login Propeller Sandbox

2023-11-17 22:27:49 - [TEST_STEP][PASSED] - openBrowser("https://ppl-web-sb.excelym.com/"): Browser is opened with url: 'https://ppl-web-sb.excelym.com/'

2023-11-17 22:27:49 - [MESSAGE][INFO] - Starting 'Chrome' driver

2023-11-17 22:27:49 - [MESSAGE][INFO] - Action delay is set to 0 milliseconds

2023-11-17 22:27:54 - [MESSAGE][PASSED] - Browser is opened with url: 'https://ppl-web-sb.excelym.com/'

2023-11-17 22:27:54 - [TEST_STEP][PASSED] - maximizeWindow(): Current window maximized

2023-11-17 22:27:54 - [MESSAGE][PASSED] - Current window maximized

2023-11-17 22:27:54 - [TEST_STEP][PASSED] - delay(2): Delayed 2 second(s)

2023-11-17 22:27:56 - [MESSAGE][PASSED] - Delayed 2 second(s)

2023-11-17 22:27:56 - [TEST_STEP][PASSED] - click(findTestObject("EYM IO - Login Page/Username - Email")): Object: 'Object Repository/EYM IO - Login Page/Username - Email' is clicked on

2023-11-17 22:27:57 - [MESSAGE][PASSED] - Object: 'Object Repository/EYM IO - Login Page/Username - Email' is clicked on

2023-11-17 22:27:57 - [TEST_STEP][PASSED] - setText(findTestObject("EYM IO - Login Page/Username - Email"), "super@excelym.com"): Text 'super@excelym.com' is set on object 'Object Repository/EYM IO - Login Page/Username - Email'

2023-11-17 22:27:58 - [MESSAGE][PASSED] - Text 'super@excelym.com' is set on object 'Object Repository/EYM IO - Login Page/Username - Email'

2023-11-17 22:27:58 - [TEST_STEP][PASSED] - delay(2): Delayed 2 second(s)

2023-11-17 22:28:00 - [MESSAGE][PASSED] - Delayed 2 second(s)

2023-11-17 22:28:00 - [TEST_STEP][PASSED] - click(findTestObject("EYM IO - Login Page/Password")): Object: 'Object Repository/EYM IO - Login Page/Password' is clicked on

2023-11-17 22:28:00 - [MESSAGE][PASSED] - Object: 'Object Repository/EYM IO - Login Page/Password' is clicked on

2023-11-17 22:28:00 - [TEST_STEP][PASSED] - setEncryptedText(findTestObject("EYM IO - Login Page/Password"), "SYb/3ow/20+o2oI9OaGCEA=="): Text ****** has been set on object 'Object Repository/EYM IO - Login Page/Password'

2023-11-17 22:28:01 - [MESSAGE][PASSED] - Text ****** has been set on object 'Object Repository/EYM IO - Login Page/Password'

2023-11-17 22:28:01 - [TEST_STEP][PASSED] - delay(2): Delayed 2 second(s)

2023-11-17 22:28:03 - [MESSAGE][PASSED] - Delayed 2 second(s)

2023-11-17 22:28:03 - [TEST_STEP][PASSED] - mouseOver(findTestObject("EYM IO - Login Page/Login Button")): Object: 'Object Repository/EYM IO - Login Page/Login Button' is hovered

2023-11-17 22:28:03 - [MESSAGE][PASSED] - Object: 'Object Repository/EYM IO - Login Page/Login Button' is hovered

2023-11-17 22:28:03 - [TEST_STEP][PASSED] - click(findTestObject("EYM IO - Login Page/Login Button")): Object: 'Object Repository/EYM IO - Login Page/Login Button' is clicked on

2023-11-17 22:28:04 - [MESSAGE][PASSED] - Object: 'Object Repository/EYM IO - Login Page/Login Button' is clicked on

2023-11-17 22:28:04 - [MESSAGE][PASSED] - Call Test Case 'Test Cases/EYM IO Login/Login Propeller Sandbox' successfully

2023-11-17 22:28:04 - [TEST_STEP][PASSED] - delay(5): Delayed 5 second(s)

2023-11-17 22:28:09 - [MESSAGE][PASSED] - Delayed 5 second(s)

2023-11-17 22:28:09 - [TEST_STEP][PASSED] - mouseOver(findTestObject("EYM IO - Dashboard Page/IO Maintenance")): Object: 'Object Repository/EYM IO - Dashboard Page/IO Maintenance' is hovered

2023-11-17 22:28:10 - [MESSAGE][PASSED] - Object: 'Object Repository/EYM IO - Dashboard Page/IO Maintenance' is hovered

2023-11-17 22:28:10 - [TEST_STEP][PASSED] - delay(2): Delayed 2 second(s)

2023-11-17 22:28:12 - [MESSAGE][PASSED] - Delayed 2 second(s)

2023-11-17 22:28:12 - [TEST_STEP][PASSED] - mouseOver(findTestObject("EYM IO - Dashboard Page/IO Connection")): Object: 'Object Repository/EYM IO - Dashboard Page/IO Connection' is hovered

2023-11-17 22:28:13 - [MESSAGE][PASSED] - Object: 'Object Repository/EYM IO - Dashboard Page/IO Connection' is hovered

2023-11-17 22:28:13 - [TEST_STEP][PASSED] - delay(2): Delayed 2 second(s)

2023-11-17 22:28:15 - [MESSAGE][PASSED] - Delayed 2 second(s)

2023-11-17 22:28:15 - [TEST_STEP][PASSED] - click(findTestObject("EYM IO - Dashboard Page/IO Connection")): Object: 'Object Repository/EYM IO - Dashboard Page/IO Connection' is clicked on

2023-11-17 22:28:15 - [MESSAGE][PASSED] - Object: 'Object Repository/EYM IO - Dashboard Page/IO Connection' is clicked on

2023-11-17 22:28:15 - [TEST_STEP][PASSED] - delay(2): Delayed 2 second(s)

2023-11-17 22:28:17 - [MESSAGE][PASSED] - Delayed 2 second(s)

2023-11-17 22:28:17 - [TEST_STEP][PASSED] - mouseOver(findTestObject("EYM IO - Connection Page/Propeller/Propeller Sandbox/P_ NetSuiteTokenBased")): Object: 'Object Repository/EYM IO - Connection Page/Propeller/Propeller Sandbox/P_ NetSuiteTokenBased' is hovered

2023-11-17 22:28:18 - [MESSAGE][PASSED] - Object: 'Object Repository/EYM IO - Connection Page/Propeller/Propeller Sandbox/P_ NetSuiteTokenBased' is hovered

2023-11-17 22:28:18 - [TEST_STEP][PASSED] - delay(2): Delayed 2 second(s)

2023-11-17 22:28:20 - [MESSAGE][PASSED] - Delayed 2 second(s)

2023-11-17 22:28:20 - [TEST_STEP][PASSED] - click(findTestObject("EYM IO - Connection Page/Propeller/Propeller Sandbox/P_ NetSuiteTokenBased")): Object: 'Object Repository/EYM IO - Connection Page/Propeller/Propeller Sandbox/P_ NetSuiteTokenBased' is clicked on

2023-11-17 22:28:20 - [MESSAGE][PASSED] - Object: 'Object Repository/EYM IO - Connection Page/Propeller/Propeller Sandbox/P_ NetSuiteTokenBased' is clicked on

2023-11-17 22:28:20 - [TEST_STEP][PASSED] - waitForJQueryLoad(30): jQuery is ready.

2023-11-17 22:28:20 - [MESSAGE][PASSED] - jQuery is ready.

2023-11-17 22:28:20 - [TEST_STEP][PASSED] - delay(3): Delayed 3 second(s)

2023-11-17 22:28:23 - [MESSAGE][PASSED] - Delayed 3 second(s)

2023-11-17 22:28:23 - [TEST_STEP][PASSED] - verifyElementPresent(findTestObject("EYM IO - Dashboard Page/Connection - Successful"), 0): Object 'Object Repository/EYM IO - Dashboard Page/Connection - Successful' is present

2023-11-17 22:28:24 - [MESSAGE][WARNING] - Timeout '0' is invalid. Using default page load timeout: '30'

2023-11-17 22:28:24 - [MESSAGE][PASSED] - Object 'Object Repository/EYM IO - Dashboard Page/Connection - Successful' is present

2023-11-17 22:28:24 - [TEST_STEP][PASSED] - verifyTextPresent("Connection Successful.", false): Text 'Connection Successful.' is present on page 

2023-11-17 22:28:24 - [MESSAGE][PASSED] - Text 'Connection Successful.' is present on page 

2023-11-17 22:28:24 - [TEST_STEP][PASSED] - if (verifyTextPresent("Connection Successful.", true) == true): null

2023-11-17 22:28:25 - [MESSAGE][PASSED] - Text 'Connection Successful.' is present on page  using regular expression

2023-11-17 22:28:25 - [TEST_STEP][PASSED] - closeBrowser(): Browser is closed

2023-11-17 22:28:26 - [MESSAGE][PASSED] - Browser is closed]]></system-out>
         <system-err><![CDATA[]]></system-err>
      </testcase>
      <testcase name="Test Cases/EYM IO Sandbox Instance/Propeller/P_SalesforceConnection" time="37.701" classname="Test Cases/EYM IO Sandbox Instance/Propeller/P_SalesforceConnection" status="PASSED">
         <system-out><![CDATA[2023-11-17 22:28:26 - [TEST_CASE][PASSED] - Test Cases/EYM IO Sandbox Instance/Propeller/P_SalesforceConnection: Test Cases/EYM IO Sandbox Instance/Propeller/P_SalesforceConnection

2023-11-17 22:28:26 - [TEST_STEP][PASSED] - callTestCase(findTestCase("EYM IO Login/Login Propeller Sandbox"), [:], STOP_ON_FAILURE): Call Test Case 'Test Cases/EYM IO Login/Login Propeller Sandbox' successfully

2023-11-17 22:28:26 - [TEST_CASE][PASSED] - Test Cases/EYM IO Login/Login Propeller Sandbox: Test Cases/EYM IO Login/Login Propeller Sandbox

2023-11-17 22:28:26 - [TEST_STEP][PASSED] - openBrowser("https://ppl-web-sb.excelym.com/"): Browser is opened with url: 'https://ppl-web-sb.excelym.com/'

2023-11-17 22:28:26 - [MESSAGE][INFO] - Starting 'Chrome' driver

2023-11-17 22:28:26 - [MESSAGE][INFO] - Action delay is set to 0 milliseconds

2023-11-17 22:28:32 - [MESSAGE][PASSED] - Browser is opened with url: 'https://ppl-web-sb.excelym.com/'

2023-11-17 22:28:32 - [TEST_STEP][PASSED] - maximizeWindow(): Current window maximized

2023-11-17 22:28:32 - [MESSAGE][PASSED] - Current window maximized

2023-11-17 22:28:32 - [TEST_STEP][PASSED] - delay(2): Delayed 2 second(s)

2023-11-17 22:28:34 - [MESSAGE][PASSED] - Delayed 2 second(s)

2023-11-17 22:28:34 - [TEST_STEP][PASSED] - click(findTestObject("EYM IO - Login Page/Username - Email")): Object: 'Object Repository/EYM IO - Login Page/Username - Email' is clicked on

2023-11-17 22:28:34 - [MESSAGE][PASSED] - Object: 'Object Repository/EYM IO - Login Page/Username - Email' is clicked on

2023-11-17 22:28:34 - [TEST_STEP][PASSED] - setText(findTestObject("EYM IO - Login Page/Username - Email"), "super@excelym.com"): Text 'super@excelym.com' is set on object 'Object Repository/EYM IO - Login Page/Username - Email'

2023-11-17 22:28:35 - [MESSAGE][PASSED] - Text 'super@excelym.com' is set on object 'Object Repository/EYM IO - Login Page/Username - Email'

2023-11-17 22:28:35 - [TEST_STEP][PASSED] - delay(2): Delayed 2 second(s)

2023-11-17 22:28:37 - [MESSAGE][PASSED] - Delayed 2 second(s)

2023-11-17 22:28:37 - [TEST_STEP][PASSED] - click(findTestObject("EYM IO - Login Page/Password")): Object: 'Object Repository/EYM IO - Login Page/Password' is clicked on

2023-11-17 22:28:38 - [MESSAGE][PASSED] - Object: 'Object Repository/EYM IO - Login Page/Password' is clicked on

2023-11-17 22:28:38 - [TEST_STEP][PASSED] - setEncryptedText(findTestObject("EYM IO - Login Page/Password"), "SYb/3ow/20+o2oI9OaGCEA=="): Text ****** has been set on object 'Object Repository/EYM IO - Login Page/Password'

2023-11-17 22:28:38 - [MESSAGE][PASSED] - Text ****** has been set on object 'Object Repository/EYM IO - Login Page/Password'

2023-11-17 22:28:38 - [TEST_STEP][PASSED] - delay(2): Delayed 2 second(s)

2023-11-17 22:28:40 - [MESSAGE][PASSED] - Delayed 2 second(s)

2023-11-17 22:28:40 - [TEST_STEP][PASSED] - mouseOver(findTestObject("EYM IO - Login Page/Login Button")): Object: 'Object Repository/EYM IO - Login Page/Login Button' is hovered

2023-11-17 22:28:41 - [MESSAGE][PASSED] - Object: 'Object Repository/EYM IO - Login Page/Login Button' is hovered

2023-11-17 22:28:41 - [TEST_STEP][PASSED] - click(findTestObject("EYM IO - Login Page/Login Button")): Object: 'Object Repository/EYM IO - Login Page/Login Button' is clicked on

2023-11-17 22:28:41 - [MESSAGE][PASSED] - Object: 'Object Repository/EYM IO - Login Page/Login Button' is clicked on

2023-11-17 22:28:41 - [MESSAGE][PASSED] - Call Test Case 'Test Cases/EYM IO Login/Login Propeller Sandbox' successfully

2023-11-17 22:28:41 - [TEST_STEP][PASSED] - delay(5): Delayed 5 second(s)

2023-11-17 22:28:46 - [MESSAGE][PASSED] - Delayed 5 second(s)

2023-11-17 22:28:46 - [TEST_STEP][PASSED] - mouseOver(findTestObject("EYM IO - Dashboard Page/IO Maintenance")): Object: 'Object Repository/EYM IO - Dashboard Page/IO Maintenance' is hovered

2023-11-17 22:28:47 - [MESSAGE][PASSED] - Object: 'Object Repository/EYM IO - Dashboard Page/IO Maintenance' is hovered

2023-11-17 22:28:47 - [TEST_STEP][PASSED] - delay(2): Delayed 2 second(s)

2023-11-17 22:28:49 - [MESSAGE][PASSED] - Delayed 2 second(s)

2023-11-17 22:28:49 - [TEST_STEP][PASSED] - mouseOver(findTestObject("EYM IO - Dashboard Page/IO Connection")): Object: 'Object Repository/EYM IO - Dashboard Page/IO Connection' is hovered

2023-11-17 22:28:50 - [MESSAGE][PASSED] - Object: 'Object Repository/EYM IO - Dashboard Page/IO Connection' is hovered

2023-11-17 22:28:50 - [TEST_STEP][PASSED] - delay(2): Delayed 2 second(s)

2023-11-17 22:28:52 - [MESSAGE][PASSED] - Delayed 2 second(s)

2023-11-17 22:28:52 - [TEST_STEP][PASSED] - click(findTestObject("EYM IO - Dashboard Page/IO Connection")): Object: 'Object Repository/EYM IO - Dashboard Page/IO Connection' is clicked on

2023-11-17 22:28:53 - [MESSAGE][PASSED] - Object: 'Object Repository/EYM IO - Dashboard Page/IO Connection' is clicked on

2023-11-17 22:28:53 - [TEST_STEP][PASSED] - delay(2): Delayed 2 second(s)

2023-11-17 22:28:55 - [MESSAGE][PASSED] - Delayed 2 second(s)

2023-11-17 22:28:55 - [TEST_STEP][PASSED] - mouseOver(findTestObject("EYM IO - Connection Page/Propeller/Propeller Sandbox/P_SalesforceTokenBased")): Object: 'Object Repository/EYM IO - Connection Page/Propeller/Propeller Sandbox/P_SalesforceTokenBased' is hovered

2023-11-17 22:28:55 - [MESSAGE][PASSED] - Object: 'Object Repository/EYM IO - Connection Page/Propeller/Propeller Sandbox/P_SalesforceTokenBased' is hovered

2023-11-17 22:28:55 - [TEST_STEP][PASSED] - delay(2): Delayed 2 second(s)

2023-11-17 22:28:57 - [MESSAGE][PASSED] - Delayed 2 second(s)

2023-11-17 22:28:57 - [TEST_STEP][PASSED] - click(findTestObject("EYM IO - Connection Page/Propeller/Propeller Sandbox/P_SalesforceTokenBased")): Object: 'Object Repository/EYM IO - Connection Page/Propeller/Propeller Sandbox/P_SalesforceTokenBased' is clicked on

2023-11-17 22:28:58 - [MESSAGE][PASSED] - Object: 'Object Repository/EYM IO - Connection Page/Propeller/Propeller Sandbox/P_SalesforceTokenBased' is clicked on

2023-11-17 22:28:58 - [TEST_STEP][PASSED] - waitForJQueryLoad(30): jQuery is ready.

2023-11-17 22:28:58 - [MESSAGE][PASSED] - jQuery is ready.

2023-11-17 22:28:58 - [TEST_STEP][PASSED] - delay(3): Delayed 3 second(s)

2023-11-17 22:29:01 - [MESSAGE][PASSED] - Delayed 3 second(s)

2023-11-17 22:29:01 - [TEST_STEP][PASSED] - verifyElementPresent(findTestObject("EYM IO - Dashboard Page/Connection - Successful"), 0): Object 'Object Repository/EYM IO - Dashboard Page/Connection - Successful' is present

2023-11-17 22:29:01 - [MESSAGE][WARNING] - Timeout '0' is invalid. Using default page load timeout: '30'

2023-11-17 22:29:01 - [MESSAGE][PASSED] - Object 'Object Repository/EYM IO - Dashboard Page/Connection - Successful' is present

2023-11-17 22:29:01 - [TEST_STEP][PASSED] - verifyTextPresent("Connection Successful.", false): Text 'Connection Successful.' is present on page 

2023-11-17 22:29:02 - [MESSAGE][PASSED] - Text 'Connection Successful.' is present on page 

2023-11-17 22:29:02 - [TEST_STEP][PASSED] - if (verifyTextPresent("Connection Successful.", true) == true): null

2023-11-17 22:29:02 - [MESSAGE][PASSED] - Text 'Connection Successful.' is present on page  using regular expression

2023-11-17 22:29:02 - [TEST_STEP][PASSED] - closeBrowser(): Browser is closed

2023-11-17 22:29:03 - [MESSAGE][PASSED] - Browser is closed]]></system-out>
         <system-err><![CDATA[]]></system-err>
      </testcase>
      <testcase name="Test Cases/EYM IO Sandbox Instance/Staging/S_NetSuiteConnectionSample" time="94.157" classname="Test Cases/EYM IO Sandbox Instance/Staging/S_NetSuiteConnectionSample" status="FAILED">
         <failure type="FAILED" message="Test Cases/EYM IO Sandbox Instance/Staging/S_NetSuiteConnectionSample FAILED.
Reason:
com.kms.katalon.core.exception.StepFailedException: Unable to verify text 'Connection Successful.' is present 
	at com.kms.katalon.core.webui.keyword.internal.WebUIKeywordMain.stepFailed(WebUIKeywordMain.groovy:64)
	at com.kms.katalon.core.webui.keyword.internal.WebUIKeywordMain.runKeyword(WebUIKeywordMain.groovy:26)
	at com.kms.katalon.core.webui.keyword.builtin.VerifyTextPresentKeyword.verifyTextPresent(VerifyTextPresentKeyword.groovy:83)
	at com.kms.katalon.core.webui.keyword.builtin.VerifyTextPresentKeyword.execute(VerifyTextPresentKeyword.groovy:68)
	at com.kms.katalon.core.keyword.internal.KeywordExecutor.executeKeywordForPlatform(KeywordExecutor.groovy:74)
	at com.kms.katalon.core.webui.keyword.WebUiBuiltInKeywords.verifyTextPresent(WebUiBuiltInKeywords.groovy:1723)
	at com.kms.katalon.core.webui.keyword.WebUiBuiltInKeywords$verifyTextPresent$7.call(Unknown Source)
	at S_NetSuiteConnectionSample.run(S_NetSuiteConnectionSample:49)
	at com.kms.katalon.core.main.ScriptEngine.run(ScriptEngine.java:194)
	at com.kms.katalon.core.main.ScriptEngine.runScriptAsRawText(ScriptEngine.java:119)
	at com.kms.katalon.core.main.TestCaseExecutor.runScript(TestCaseExecutor.java:448)
	at com.kms.katalon.core.main.TestCaseExecutor.doExecute(TestCaseExecutor.java:439)
	at com.kms.katalon.core.main.TestCaseExecutor.processExecutionPhase(TestCaseExecutor.java:418)
	at com.kms.katalon.core.main.TestCaseExecutor.accessMainPhase(TestCaseExecutor.java:410)
	at com.kms.katalon.core.main.TestCaseExecutor.execute(TestCaseExecutor.java:285)
	at com.kms.katalon.core.common.CommonExecutor.accessTestCaseMainPhase(CommonExecutor.java:65)
	at com.kms.katalon.core.main.TestSuiteExecutor.accessTestSuiteMainPhase(TestSuiteExecutor.java:148)
	at com.kms.katalon.core.main.TestSuiteExecutor.execute(TestSuiteExecutor.java:106)
	at com.kms.katalon.core.main.TestCaseMain.startTestSuite(TestCaseMain.java:187)
	at com.kms.katalon.core.main.TestCaseMain$startTestSuite$0.call(Unknown Source)
	at TempTestSuite1700231132250.run(TempTestSuite1700231132250.groovy:36)
Caused by: com.kms.katalon.core.exception.StepFailedException: Text 'Connection Successful.' is not present on page 
	at com.kms.katalon.core.webui.keyword.internal.WebUIKeywordMain.stepFailed(WebUIKeywordMain.groovy:64)
	at com.kms.katalon.core.webui.keyword.builtin.VerifyTextPresentKeyword$_verifyTextPresent_closure1.doCall(VerifyTextPresentKeyword.groovy:79)
	at com.kms.katalon.core.webui.keyword.builtin.VerifyTextPresentKeyword$_verifyTextPresent_closure1.call(VerifyTextPresentKeyword.groovy)
	at com.kms.katalon.core.webui.keyword.internal.WebUIKeywordMain.runKeyword(WebUIKeywordMain.groovy:20)
	... 19 more
"/>
         <system-out><![CDATA[2023-11-17 22:29:03 - [TEST_CASE][FAILED] - Test Cases/EYM IO Sandbox Instance/Staging/S_NetSuiteConnectionSample: Test Cases/EYM IO Sandbox Instance/Staging/S_NetSuiteConnectionSample FAILED.
Reason:
com.kms.katalon.core.exception.StepFailedException: Unable to verify text 'Connection Successful.' is present 
	at com.kms.katalon.core.webui.keyword.internal.WebUIKeywordMain.stepFailed(WebUIKeywordMain.groovy:64)
	at com.kms.katalon.core.webui.keyword.internal.WebUIKeywordMain.runKeyword(WebUIKeywordMain.groovy:26)
	at com.kms.katalon.core.webui.keyword.builtin.VerifyTextPresentKeyword.verifyTextPresent(VerifyTextPresentKeyword.groovy:83)
	at com.kms.katalon.core.webui.keyword.builtin.VerifyTextPresentKeyword.execute(VerifyTextPresentKeyword.groovy:68)
	at com.kms.katalon.core.keyword.internal.KeywordExecutor.executeKeywordForPlatform(KeywordExecutor.groovy:74)
	at com.kms.katalon.core.webui.keyword.WebUiBuiltInKeywords.verifyTextPresent(WebUiBuiltInKeywords.groovy:1723)
	at com.kms.katalon.core.webui.keyword.WebUiBuiltInKeywords$verifyTextPresent$7.call(Unknown Source)
	at S_NetSuiteConnectionSample.run(S_NetSuiteConnectionSample:49)
	at com.kms.katalon.core.main.ScriptEngine.run(ScriptEngine.java:194)
	at com.kms.katalon.core.main.ScriptEngine.runScriptAsRawText(ScriptEngine.java:119)
	at com.kms.katalon.core.main.TestCaseExecutor.runScript(TestCaseExecutor.java:448)
	at com.kms.katalon.core.main.TestCaseExecutor.doExecute(TestCaseExecutor.java:439)
	at com.kms.katalon.core.main.TestCaseExecutor.processExecutionPhase(TestCaseExecutor.java:418)
	at com.kms.katalon.core.main.TestCaseExecutor.accessMainPhase(TestCaseExecutor.java:410)
	at com.kms.katalon.core.main.TestCaseExecutor.execute(TestCaseExecutor.java:285)
	at com.kms.katalon.core.common.CommonExecutor.accessTestCaseMainPhase(CommonExecutor.java:65)
	at com.kms.katalon.core.main.TestSuiteExecutor.accessTestSuiteMainPhase(TestSuiteExecutor.java:148)
	at com.kms.katalon.core.main.TestSuiteExecutor.execute(TestSuiteExecutor.java:106)
	at com.kms.katalon.core.main.TestCaseMain.startTestSuite(TestCaseMain.java:187)
	at com.kms.katalon.core.main.TestCaseMain$startTestSuite$0.call(Unknown Source)
	at TempTestSuite1700231132250.run(TempTestSuite1700231132250.groovy:36)
Caused by: com.kms.katalon.core.exception.StepFailedException: Text 'Connection Successful.' is not present on page 
	at com.kms.katalon.core.webui.keyword.internal.WebUIKeywordMain.stepFailed(WebUIKeywordMain.groovy:64)
	at com.kms.katalon.core.webui.keyword.builtin.VerifyTextPresentKeyword$_verifyTextPresent_closure1.doCall(VerifyTextPresentKeyword.groovy:79)
	at com.kms.katalon.core.webui.keyword.builtin.VerifyTextPresentKeyword$_verifyTextPresent_closure1.call(VerifyTextPresentKeyword.groovy)
	at com.kms.katalon.core.webui.keyword.internal.WebUIKeywordMain.runKeyword(WebUIKeywordMain.groovy:20)
	... 19 more


2023-11-17 22:29:04 - [TEST_STEP][PASSED] - callTestCase(findTestCase("EYM IO Login/Login Staging Sandbox"), [:], STOP_ON_FAILURE): Call Test Case 'Test Cases/EYM IO Login/Login Staging Sandbox' successfully

2023-11-17 22:29:04 - [TEST_CASE][PASSED] - Test Cases/EYM IO Login/Login Staging Sandbox: Test Cases/EYM IO Login/Login Staging Sandbox

2023-11-17 22:29:05 - [TEST_STEP][PASSED] - openBrowser("https://staging-io-web.excelym.com/"): Browser is opened with url: 'https://staging-io-web.excelym.com/'

2023-11-17 22:29:05 - [MESSAGE][INFO] - Starting 'Chrome' driver

2023-11-17 22:29:05 - [MESSAGE][INFO] - Action delay is set to 0 milliseconds

2023-11-17 22:29:10 - [MESSAGE][PASSED] - Browser is opened with url: 'https://staging-io-web.excelym.com/'

2023-11-17 22:29:10 - [TEST_STEP][PASSED] - maximizeWindow(): Current window maximized

2023-11-17 22:29:10 - [MESSAGE][PASSED] - Current window maximized

2023-11-17 22:29:10 - [TEST_STEP][PASSED] - delay(2): Delayed 2 second(s)

2023-11-17 22:29:12 - [MESSAGE][PASSED] - Delayed 2 second(s)

2023-11-17 22:29:12 - [TEST_STEP][PASSED] - click(findTestObject("EYM IO - Login Page/Username - Email")): Object: 'Object Repository/EYM IO - Login Page/Username - Email' is clicked on

2023-11-17 22:29:13 - [MESSAGE][PASSED] - Object: 'Object Repository/EYM IO - Login Page/Username - Email' is clicked on

2023-11-17 22:29:13 - [TEST_STEP][PASSED] - setText(findTestObject("EYM IO - Login Page/Username - Email"), "super@excelym.com"): Text 'super@excelym.com' is set on object 'Object Repository/EYM IO - Login Page/Username - Email'

2023-11-17 22:29:14 - [MESSAGE][PASSED] - Text 'super@excelym.com' is set on object 'Object Repository/EYM IO - Login Page/Username - Email'

2023-11-17 22:29:14 - [TEST_STEP][PASSED] - delay(2): Delayed 2 second(s)

2023-11-17 22:29:16 - [MESSAGE][PASSED] - Delayed 2 second(s)

2023-11-17 22:29:16 - [TEST_STEP][PASSED] - click(findTestObject("EYM IO - Login Page/Password")): Object: 'Object Repository/EYM IO - Login Page/Password' is clicked on

2023-11-17 22:29:16 - [MESSAGE][PASSED] - Object: 'Object Repository/EYM IO - Login Page/Password' is clicked on

2023-11-17 22:29:16 - [TEST_STEP][PASSED] - setEncryptedText(findTestObject("EYM IO - Login Page/Password"), "SYb/3ow/20+o2oI9OaGCEA=="): Text ****** has been set on object 'Object Repository/EYM IO - Login Page/Password'

2023-11-17 22:29:17 - [MESSAGE][PASSED] - Text ****** has been set on object 'Object Repository/EYM IO - Login Page/Password'

2023-11-17 22:29:17 - [TEST_STEP][PASSED] - delay(2): Delayed 2 second(s)

2023-11-17 22:29:19 - [MESSAGE][PASSED] - Delayed 2 second(s)

2023-11-17 22:29:19 - [TEST_STEP][PASSED] - mouseOver(findTestObject("EYM IO - Login Page/Login Button")): Object: 'Object Repository/EYM IO - Login Page/Login Button' is hovered

2023-11-17 22:29:20 - [MESSAGE][PASSED] - Object: 'Object Repository/EYM IO - Login Page/Login Button' is hovered

2023-11-17 22:29:20 - [TEST_STEP][PASSED] - click(findTestObject("EYM IO - Login Page/Login Button")): Object: 'Object Repository/EYM IO - Login Page/Login Button' is clicked on

2023-11-17 22:29:20 - [MESSAGE][PASSED] - Object: 'Object Repository/EYM IO - Login Page/Login Button' is clicked on

2023-11-17 22:29:20 - [MESSAGE][PASSED] - Call Test Case 'Test Cases/EYM IO Login/Login Staging Sandbox' successfully

2023-11-17 22:29:20 - [TEST_STEP][PASSED] - delay(5): Delayed 5 second(s)

2023-11-17 22:29:25 - [MESSAGE][PASSED] - Delayed 5 second(s)

2023-11-17 22:29:25 - [TEST_STEP][PASSED] - mouseOver(findTestObject("EYM IO - Dashboard Page/IO Maintenance")): Object: 'Object Repository/EYM IO - Dashboard Page/IO Maintenance' is hovered

2023-11-17 22:29:26 - [MESSAGE][PASSED] - Object: 'Object Repository/EYM IO - Dashboard Page/IO Maintenance' is hovered

2023-11-17 22:29:26 - [TEST_STEP][PASSED] - delay(2): Delayed 2 second(s)

2023-11-17 22:29:28 - [MESSAGE][PASSED] - Delayed 2 second(s)

2023-11-17 22:29:28 - [TEST_STEP][PASSED] - mouseOver(findTestObject("EYM IO - Dashboard Page/IO Connection")): Object: 'Object Repository/EYM IO - Dashboard Page/IO Connection' is hovered

2023-11-17 22:29:28 - [MESSAGE][PASSED] - Object: 'Object Repository/EYM IO - Dashboard Page/IO Connection' is hovered

2023-11-17 22:29:28 - [TEST_STEP][PASSED] - delay(2): Delayed 2 second(s)

2023-11-17 22:29:30 - [MESSAGE][PASSED] - Delayed 2 second(s)

2023-11-17 22:29:30 - [TEST_STEP][PASSED] - click(findTestObject("EYM IO - Dashboard Page/IO Connection")): Object: 'Object Repository/EYM IO - Dashboard Page/IO Connection' is clicked on

2023-11-17 22:29:31 - [MESSAGE][PASSED] - Object: 'Object Repository/EYM IO - Dashboard Page/IO Connection' is clicked on

2023-11-17 22:29:31 - [TEST_STEP][PASSED] - delay(2): Delayed 2 second(s)

2023-11-17 22:29:33 - [MESSAGE][PASSED] - Delayed 2 second(s)

2023-11-17 22:29:33 - [TEST_STEP][PASSED] - mouseOver(findTestObject("EYM IO - Connection Page/Staging/Connection Sample")): Object: 'Object Repository/EYM IO - Connection Page/Staging/Connection Sample' is hovered

2023-11-17 22:29:34 - [MESSAGE][PASSED] - Object: 'Object Repository/EYM IO - Connection Page/Staging/Connection Sample' is hovered

2023-11-17 22:29:34 - [TEST_STEP][PASSED] - delay(2): Delayed 2 second(s)

2023-11-17 22:29:36 - [MESSAGE][PASSED] - Delayed 2 second(s)

2023-11-17 22:29:36 - [TEST_STEP][PASSED] - click(findTestObject("EYM IO - Connection Page/Staging/Connection Sample")): Object: 'Object Repository/EYM IO - Connection Page/Staging/Connection Sample' is clicked on

2023-11-17 22:29:36 - [MESSAGE][PASSED] - Object: 'Object Repository/EYM IO - Connection Page/Staging/Connection Sample' is clicked on

2023-11-17 22:29:36 - [TEST_STEP][PASSED] - waitForJQueryLoad(30): jQuery is ready.

2023-11-17 22:29:36 - [MESSAGE][PASSED] - jQuery is ready.

2023-11-17 22:29:36 - [TEST_STEP][PASSED] - delay(3): Delayed 3 second(s)

2023-11-17 22:29:39 - [MESSAGE][PASSED] - Delayed 3 second(s)

2023-11-17 22:29:39 - [TEST_STEP][PASSED] - verifyElementPresent(findTestObject("EYM IO - Dashboard Page/Connection - Successful"), 0): Object 'Object Repository/EYM IO - Dashboard Page/Connection - Successful' is present

2023-11-17 22:29:39 - [MESSAGE][WARNING] - Timeout '0' is invalid. Using default page load timeout: '30'

2023-11-17 22:30:10 - [MESSAGE][PASSED] - Object 'Object Repository/EYM IO - Dashboard Page/Connection - Successful' is present

2023-11-17 22:30:10 - [TEST_STEP][FAILED] - verifyTextPresent("Connection Successful.", false): Unable to verify text 'Connection Successful.' is present  (Root cause: com.kms.katalon.core.exception.StepFailedException: Unable to verify text 'Connection Successful.' is present 
	at com.kms.katalon.core.webui.keyword.internal.WebUIKeywordMain.stepFailed(WebUIKeywordMain.groovy:64)
	at com.kms.katalon.core.webui.keyword.internal.WebUIKeywordMain.runKeyword(WebUIKeywordMain.groovy:26)
	at com.kms.katalon.core.webui.keyword.builtin.VerifyTextPresentKeyword.verifyTextPresent(VerifyTextPresentKeyword.groovy:83)
	at com.kms.katalon.core.webui.keyword.builtin.VerifyTextPresentKeyword.execute(VerifyTextPresentKeyword.groovy:68)
	at com.kms.katalon.core.keyword.internal.KeywordExecutor.executeKeywordForPlatform(KeywordExecutor.groovy:74)
	at com.kms.katalon.core.webui.keyword.WebUiBuiltInKeywords.verifyTextPresent(WebUiBuiltInKeywords.groovy:1723)
	at com.kms.katalon.core.webui.keyword.WebUiBuiltInKeywords$verifyTextPresent$7.call(Unknown Source)
	at S_NetSuiteConnectionSample.run(S_NetSuiteConnectionSample:49)
	at com.kms.katalon.core.main.ScriptEngine.run(ScriptEngine.java:194)
	at com.kms.katalon.core.main.ScriptEngine.runScriptAsRawText(ScriptEngine.java:119)
	at com.kms.katalon.core.main.TestCaseExecutor.runScript(TestCaseExecutor.java:448)
	at com.kms.katalon.core.main.TestCaseExecutor.doExecute(TestCaseExecutor.java:439)
	at com.kms.katalon.core.main.TestCaseExecutor.processExecutionPhase(TestCaseExecutor.java:418)
	at com.kms.katalon.core.main.TestCaseExecutor.accessMainPhase(TestCaseExecutor.java:410)
	at com.kms.katalon.core.main.TestCaseExecutor.execute(TestCaseExecutor.java:285)
	at com.kms.katalon.core.common.CommonExecutor.accessTestCaseMainPhase(CommonExecutor.java:65)
	at com.kms.katalon.core.main.TestSuiteExecutor.accessTestSuiteMainPhase(TestSuiteExecutor.java:148)
	at com.kms.katalon.core.main.TestSuiteExecutor.execute(TestSuiteExecutor.java:106)
	at com.kms.katalon.core.main.TestCaseMain.startTestSuite(TestCaseMain.java:187)
	at com.kms.katalon.core.main.TestCaseMain$startTestSuite$0.call(Unknown Source)
	at TempTestSuite1700231132250.run(TempTestSuite1700231132250.groovy:36)
Caused by: com.kms.katalon.core.exception.StepFailedException: Text 'Connection Successful.' is not present on page 
	at com.kms.katalon.core.webui.keyword.internal.WebUIKeywordMain.stepFailed(WebUIKeywordMain.groovy:64)
	at com.kms.katalon.core.webui.keyword.builtin.VerifyTextPresentKeyword$_verifyTextPresent_closure1.doCall(VerifyTextPresentKeyword.groovy:79)
	at com.kms.katalon.core.webui.keyword.builtin.VerifyTextPresentKeyword$_verifyTextPresent_closure1.call(VerifyTextPresentKeyword.groovy)
	at com.kms.katalon.core.webui.keyword.internal.WebUIKeywordMain.runKeyword(WebUIKeywordMain.groovy:20)
	... 19 more
)

2023-11-17 22:30:37 - [MESSAGE][FAILED] - Text 'Connection Successful.' is not present on page  (Root cause: com.kms.katalon.core.exception.StepFailedException: Text 'Connection Successful.' is not present on page 
	at com.kms.katalon.core.webui.keyword.internal.WebUIKeywordMain.stepFailed(WebUIKeywordMain.groovy:64)
	at com.kms.katalon.core.webui.keyword.builtin.VerifyTextPresentKeyword$_verifyTextPresent_closure1.doCall(VerifyTextPresentKeyword.groovy:79)
	at com.kms.katalon.core.webui.keyword.builtin.VerifyTextPresentKeyword$_verifyTextPresent_closure1.call(VerifyTextPresentKeyword.groovy)
	at com.kms.katalon.core.webui.keyword.internal.WebUIKeywordMain.runKeyword(WebUIKeywordMain.groovy:20)
	at com.kms.katalon.core.webui.keyword.builtin.VerifyTextPresentKeyword.verifyTextPresent(VerifyTextPresentKeyword.groovy:83)
	at com.kms.katalon.core.webui.keyword.builtin.VerifyTextPresentKeyword.execute(VerifyTextPresentKeyword.groovy:68)
	at com.kms.katalon.core.keyword.internal.KeywordExecutor.executeKeywordForPlatform(KeywordExecutor.groovy:74)
	at com.kms.katalon.core.webui.keyword.WebUiBuiltInKeywords.verifyTextPresent(WebUiBuiltInKeywords.groovy:1723)
	at com.kms.katalon.core.webui.keyword.WebUiBuiltInKeywords$verifyTextPresent$7.call(Unknown Source)
	at S_NetSuiteConnectionSample.run(S_NetSuiteConnectionSample:49)
	at com.kms.katalon.core.main.ScriptEngine.run(ScriptEngine.java:194)
	at com.kms.katalon.core.main.ScriptEngine.runScriptAsRawText(ScriptEngine.java:119)
	at com.kms.katalon.core.main.TestCaseExecutor.runScript(TestCaseExecutor.java:448)
	at com.kms.katalon.core.main.TestCaseExecutor.doExecute(TestCaseExecutor.java:439)
	at com.kms.katalon.core.main.TestCaseExecutor.processExecutionPhase(TestCaseExecutor.java:418)
	at com.kms.katalon.core.main.TestCaseExecutor.accessMainPhase(TestCaseExecutor.java:410)
	at com.kms.katalon.core.main.TestCaseExecutor.execute(TestCaseExecutor.java:285)
	at com.kms.katalon.core.common.CommonExecutor.accessTestCaseMainPhase(CommonExecutor.java:65)
	at com.kms.katalon.core.main.TestSuiteExecutor.accessTestSuiteMainPhase(TestSuiteExecutor.java:148)
	at com.kms.katalon.core.main.TestSuiteExecutor.execute(TestSuiteExecutor.java:106)
	at com.kms.katalon.core.main.TestCaseMain.startTestSuite(TestCaseMain.java:187)
	at com.kms.katalon.core.main.TestCaseMain$startTestSuite$0.call(Unknown Source)
	at TempTestSuite1700231132250.run(TempTestSuite1700231132250.groovy:36)
)

2023-11-17 22:30:37 - [MESSAGE][FAILED] - Unable to verify text 'Connection Successful.' is present  (Root cause: com.kms.katalon.core.exception.StepFailedException: Unable to verify text 'Connection Successful.' is present 
	at com.kms.katalon.core.webui.keyword.internal.WebUIKeywordMain.stepFailed(WebUIKeywordMain.groovy:64)
	at com.kms.katalon.core.webui.keyword.internal.WebUIKeywordMain.runKeyword(WebUIKeywordMain.groovy:26)
	at com.kms.katalon.core.webui.keyword.builtin.VerifyTextPresentKeyword.verifyTextPresent(VerifyTextPresentKeyword.groovy:83)
	at com.kms.katalon.core.webui.keyword.builtin.VerifyTextPresentKeyword.execute(VerifyTextPresentKeyword.groovy:68)
	at com.kms.katalon.core.keyword.internal.KeywordExecutor.executeKeywordForPlatform(KeywordExecutor.groovy:74)
	at com.kms.katalon.core.webui.keyword.WebUiBuiltInKeywords.verifyTextPresent(WebUiBuiltInKeywords.groovy:1723)
	at com.kms.katalon.core.webui.keyword.WebUiBuiltInKeywords$verifyTextPresent$7.call(Unknown Source)
	at S_NetSuiteConnectionSample.run(S_NetSuiteConnectionSample:49)
	at com.kms.katalon.core.main.ScriptEngine.run(ScriptEngine.java:194)
	at com.kms.katalon.core.main.ScriptEngine.runScriptAsRawText(ScriptEngine.java:119)
	at com.kms.katalon.core.main.TestCaseExecutor.runScript(TestCaseExecutor.java:448)
	at com.kms.katalon.core.main.TestCaseExecutor.doExecute(TestCaseExecutor.java:439)
	at com.kms.katalon.core.main.TestCaseExecutor.processExecutionPhase(TestCaseExecutor.java:418)
	at com.kms.katalon.core.main.TestCaseExecutor.accessMainPhase(TestCaseExecutor.java:410)
	at com.kms.katalon.core.main.TestCaseExecutor.execute(TestCaseExecutor.java:285)
	at com.kms.katalon.core.common.CommonExecutor.accessTestCaseMainPhase(CommonExecutor.java:65)
	at com.kms.katalon.core.main.TestSuiteExecutor.accessTestSuiteMainPhase(TestSuiteExecutor.java:148)
	at com.kms.katalon.core.main.TestSuiteExecutor.execute(TestSuiteExecutor.java:106)
	at com.kms.katalon.core.main.TestCaseMain.startTestSuite(TestCaseMain.java:187)
	at com.kms.katalon.core.main.TestCaseMain$startTestSuite$0.call(Unknown Source)
	at TempTestSuite1700231132250.run(TempTestSuite1700231132250.groovy:36)
Caused by: com.kms.katalon.core.exception.StepFailedException: Text 'Connection Successful.' is not present on page 
	at com.kms.katalon.core.webui.keyword.internal.WebUIKeywordMain.stepFailed(WebUIKeywordMain.groovy:64)
	at com.kms.katalon.core.webui.keyword.builtin.VerifyTextPresentKeyword$_verifyTextPresent_closure1.doCall(VerifyTextPresentKeyword.groovy:79)
	at com.kms.katalon.core.webui.keyword.builtin.VerifyTextPresentKeyword$_verifyTextPresent_closure1.call(VerifyTextPresentKeyword.groovy)
	at com.kms.katalon.core.webui.keyword.internal.WebUIKeywordMain.runKeyword(WebUIKeywordMain.groovy:20)
	... 19 more
)
[[ATTACHMENT|C:\\Users\\Daniel\\git\\EYM-Automate-Connection-Page\\Reports\\20231117_222532\\EYMIO Project\\Sandbox\\EYMIO Sandbox Instance Connection Checking\\20231117_222532\\1700231437784.png]]]]></system-out>
         <system-err><![CDATA[2023-11-17 22:29:03 - [TEST_CASE][FAILED] - Test Cases/EYM IO Sandbox Instance/Staging/S_NetSuiteConnectionSample: Test Cases/EYM IO Sandbox Instance/Staging/S_NetSuiteConnectionSample FAILED.
Reason:
com.kms.katalon.core.exception.StepFailedException: Unable to verify text 'Connection Successful.' is present 
	at com.kms.katalon.core.webui.keyword.internal.WebUIKeywordMain.stepFailed(WebUIKeywordMain.groovy:64)
	at com.kms.katalon.core.webui.keyword.internal.WebUIKeywordMain.runKeyword(WebUIKeywordMain.groovy:26)
	at com.kms.katalon.core.webui.keyword.builtin.VerifyTextPresentKeyword.verifyTextPresent(VerifyTextPresentKeyword.groovy:83)
	at com.kms.katalon.core.webui.keyword.builtin.VerifyTextPresentKeyword.execute(VerifyTextPresentKeyword.groovy:68)
	at com.kms.katalon.core.keyword.internal.KeywordExecutor.executeKeywordForPlatform(KeywordExecutor.groovy:74)
	at com.kms.katalon.core.webui.keyword.WebUiBuiltInKeywords.verifyTextPresent(WebUiBuiltInKeywords.groovy:1723)
	at com.kms.katalon.core.webui.keyword.WebUiBuiltInKeywords$verifyTextPresent$7.call(Unknown Source)
	at S_NetSuiteConnectionSample.run(S_NetSuiteConnectionSample:49)
	at com.kms.katalon.core.main.ScriptEngine.run(ScriptEngine.java:194)
	at com.kms.katalon.core.main.ScriptEngine.runScriptAsRawText(ScriptEngine.java:119)
	at com.kms.katalon.core.main.TestCaseExecutor.runScript(TestCaseExecutor.java:448)
	at com.kms.katalon.core.main.TestCaseExecutor.doExecute(TestCaseExecutor.java:439)
	at com.kms.katalon.core.main.TestCaseExecutor.processExecutionPhase(TestCaseExecutor.java:418)
	at com.kms.katalon.core.main.TestCaseExecutor.accessMainPhase(TestCaseExecutor.java:410)
	at com.kms.katalon.core.main.TestCaseExecutor.execute(TestCaseExecutor.java:285)
	at com.kms.katalon.core.common.CommonExecutor.accessTestCaseMainPhase(CommonExecutor.java:65)
	at com.kms.katalon.core.main.TestSuiteExecutor.accessTestSuiteMainPhase(TestSuiteExecutor.java:148)
	at com.kms.katalon.core.main.TestSuiteExecutor.execute(TestSuiteExecutor.java:106)
	at com.kms.katalon.core.main.TestCaseMain.startTestSuite(TestCaseMain.java:187)
	at com.kms.katalon.core.main.TestCaseMain$startTestSuite$0.call(Unknown Source)
	at TempTestSuite1700231132250.run(TempTestSuite1700231132250.groovy:36)
Caused by: com.kms.katalon.core.exception.StepFailedException: Text 'Connection Successful.' is not present on page 
	at com.kms.katalon.core.webui.keyword.internal.WebUIKeywordMain.stepFailed(WebUIKeywordMain.groovy:64)
	at com.kms.katalon.core.webui.keyword.builtin.VerifyTextPresentKeyword$_verifyTextPresent_closure1.doCall(VerifyTextPresentKeyword.groovy:79)
	at com.kms.katalon.core.webui.keyword.builtin.VerifyTextPresentKeyword$_verifyTextPresent_closure1.call(VerifyTextPresentKeyword.groovy)
	at com.kms.katalon.core.webui.keyword.internal.WebUIKeywordMain.runKeyword(WebUIKeywordMain.groovy:20)
	... 19 more]]></system-err>
      </testcase>
      <testcase name="Test Cases/EYM IO Sandbox Instance/Traemand/T_NetsuiteTokenBasedConnection" time="39.016" classname="Test Cases/EYM IO Sandbox Instance/Traemand/T_NetsuiteTokenBasedConnection" status="PASSED">
         <system-out><![CDATA[2023-11-17 22:30:38 - [TEST_CASE][PASSED] - Test Cases/EYM IO Sandbox Instance/Traemand/T_NetsuiteTokenBasedConnection: Test Cases/EYM IO Sandbox Instance/Traemand/T_NetsuiteTokenBasedConnection

2023-11-17 22:30:38 - [TEST_STEP][PASSED] - callTestCase(findTestCase("EYM IO Login/Login Traemand Sandbox"), [:], STOP_ON_FAILURE): Call Test Case 'Test Cases/EYM IO Login/Login Traemand Sandbox' successfully

2023-11-17 22:30:38 - [TEST_CASE][PASSED] - Test Cases/EYM IO Login/Login Traemand Sandbox: Test Cases/EYM IO Login/Login Traemand Sandbox

2023-11-17 22:30:39 - [TEST_STEP][PASSED] - openBrowser("https://trm-staging-v2.excelym.com/"): Browser is opened with url: 'https://trm-staging-v2.excelym.com/'

2023-11-17 22:30:39 - [MESSAGE][WARNING] - A browser is already opened. Closing browser and opening a new one

2023-11-17 22:30:40 - [MESSAGE][INFO] - Starting 'Chrome' driver

2023-11-17 22:30:40 - [MESSAGE][INFO] - Action delay is set to 0 milliseconds

2023-11-17 22:30:45 - [MESSAGE][PASSED] - Browser is opened with url: 'https://trm-staging-v2.excelym.com/'

2023-11-17 22:30:45 - [TEST_STEP][PASSED] - maximizeWindow(): Current window maximized

2023-11-17 22:30:45 - [MESSAGE][PASSED] - Current window maximized

2023-11-17 22:30:45 - [TEST_STEP][PASSED] - delay(2): Delayed 2 second(s)

2023-11-17 22:30:47 - [MESSAGE][PASSED] - Delayed 2 second(s)

2023-11-17 22:30:47 - [TEST_STEP][PASSED] - click(findTestObject("EYM IO - Login Page/Username - Email")): Object: 'Object Repository/EYM IO - Login Page/Username - Email' is clicked on

2023-11-17 22:30:48 - [MESSAGE][PASSED] - Object: 'Object Repository/EYM IO - Login Page/Username - Email' is clicked on

2023-11-17 22:30:48 - [TEST_STEP][PASSED] - setText(findTestObject("EYM IO - Login Page/Username - Email"), "super@excelym.com"): Text 'super@excelym.com' is set on object 'Object Repository/EYM IO - Login Page/Username - Email'

2023-11-17 22:30:49 - [MESSAGE][PASSED] - Text 'super@excelym.com' is set on object 'Object Repository/EYM IO - Login Page/Username - Email'

2023-11-17 22:30:49 - [TEST_STEP][PASSED] - delay(2): Delayed 2 second(s)

2023-11-17 22:30:51 - [MESSAGE][PASSED] - Delayed 2 second(s)

2023-11-17 22:30:51 - [TEST_STEP][PASSED] - click(findTestObject("EYM IO - Login Page/Password")): Object: 'Object Repository/EYM IO - Login Page/Password' is clicked on

2023-11-17 22:30:51 - [MESSAGE][PASSED] - Object: 'Object Repository/EYM IO - Login Page/Password' is clicked on

2023-11-17 22:30:51 - [TEST_STEP][PASSED] - setEncryptedText(findTestObject("EYM IO - Login Page/Password"), "kcZrTBlO2NtKj5v7nJXE2Q=="): Text ****** has been set on object 'Object Repository/EYM IO - Login Page/Password'

2023-11-17 22:30:52 - [MESSAGE][PASSED] - Text ****** has been set on object 'Object Repository/EYM IO - Login Page/Password'

2023-11-17 22:30:52 - [TEST_STEP][PASSED] - delay(2): Delayed 2 second(s)

2023-11-17 22:30:54 - [MESSAGE][PASSED] - Delayed 2 second(s)

2023-11-17 22:30:54 - [TEST_STEP][PASSED] - mouseOver(findTestObject("EYM IO - Login Page/Login Button")): Object: 'Object Repository/EYM IO - Login Page/Login Button' is hovered

2023-11-17 22:30:54 - [MESSAGE][PASSED] - Object: 'Object Repository/EYM IO - Login Page/Login Button' is hovered

2023-11-17 22:30:54 - [TEST_STEP][PASSED] - click(findTestObject("EYM IO - Login Page/Login Button")): Object: 'Object Repository/EYM IO - Login Page/Login Button' is clicked on

2023-11-17 22:30:55 - [MESSAGE][PASSED] - Object: 'Object Repository/EYM IO - Login Page/Login Button' is clicked on

2023-11-17 22:30:55 - [MESSAGE][PASSED] - Call Test Case 'Test Cases/EYM IO Login/Login Traemand Sandbox' successfully

2023-11-17 22:30:55 - [TEST_STEP][PASSED] - delay(5): Delayed 5 second(s)

2023-11-17 22:31:00 - [MESSAGE][PASSED] - Delayed 5 second(s)

2023-11-17 22:31:00 - [TEST_STEP][PASSED] - mouseOver(findTestObject("EYM IO - Dashboard Page/IO Maintenance")): Object: 'Object Repository/EYM IO - Dashboard Page/IO Maintenance' is hovered

2023-11-17 22:31:00 - [MESSAGE][PASSED] - Object: 'Object Repository/EYM IO - Dashboard Page/IO Maintenance' is hovered

2023-11-17 22:31:00 - [TEST_STEP][PASSED] - delay(2): Delayed 2 second(s)

2023-11-17 22:31:02 - [MESSAGE][PASSED] - Delayed 2 second(s)

2023-11-17 22:31:03 - [TEST_STEP][PASSED] - mouseOver(findTestObject("EYM IO - Dashboard Page/IO Connection")): Object: 'Object Repository/EYM IO - Dashboard Page/IO Connection' is hovered

2023-11-17 22:31:03 - [MESSAGE][PASSED] - Object: 'Object Repository/EYM IO - Dashboard Page/IO Connection' is hovered

2023-11-17 22:31:03 - [TEST_STEP][PASSED] - delay(2): Delayed 2 second(s)

2023-11-17 22:31:05 - [MESSAGE][PASSED] - Delayed 2 second(s)

2023-11-17 22:31:05 - [TEST_STEP][PASSED] - click(findTestObject("EYM IO - Dashboard Page/IO Connection")): Object: 'Object Repository/EYM IO - Dashboard Page/IO Connection' is clicked on

2023-11-17 22:31:06 - [MESSAGE][PASSED] - Object: 'Object Repository/EYM IO - Dashboard Page/IO Connection' is clicked on

2023-11-17 22:31:06 - [TEST_STEP][PASSED] - delay(2): Delayed 2 second(s)

2023-11-17 22:31:08 - [MESSAGE][PASSED] - Delayed 2 second(s)

2023-11-17 22:31:08 - [TEST_STEP][PASSED] - mouseOver(findTestObject("EYM IO - Connection Page/Traemand/Traemand Sandbox/NetsuiteTokenBased")): Object: 'Object Repository/EYM IO - Connection Page/Traemand/Traemand Sandbox/NetsuiteTokenBased' is hovered

2023-11-17 22:31:08 - [MESSAGE][PASSED] - Object: 'Object Repository/EYM IO - Connection Page/Traemand/Traemand Sandbox/NetsuiteTokenBased' is hovered

2023-11-17 22:31:08 - [TEST_STEP][PASSED] - delay(2): Delayed 2 second(s)

2023-11-17 22:31:10 - [MESSAGE][PASSED] - Delayed 2 second(s)

2023-11-17 22:31:10 - [TEST_STEP][PASSED] - click(findTestObject("EYM IO - Connection Page/Traemand/Traemand Sandbox/NetsuiteTokenBased")): Object: 'Object Repository/EYM IO - Connection Page/Traemand/Traemand Sandbox/NetsuiteTokenBased' is clicked on

2023-11-17 22:31:11 - [MESSAGE][PASSED] - Object: 'Object Repository/EYM IO - Connection Page/Traemand/Traemand Sandbox/NetsuiteTokenBased' is clicked on

2023-11-17 22:31:11 - [TEST_STEP][PASSED] - waitForJQueryLoad(30): jQuery is ready.

2023-11-17 22:31:11 - [MESSAGE][PASSED] - jQuery is ready.

2023-11-17 22:31:11 - [TEST_STEP][PASSED] - delay(3): Delayed 3 second(s)

2023-11-17 22:31:14 - [MESSAGE][PASSED] - Delayed 3 second(s)

2023-11-17 22:31:14 - [TEST_STEP][PASSED] - verifyElementPresent(findTestObject("EYM IO - Dashboard Page/Connection - Successful"), 0): Object 'Object Repository/EYM IO - Dashboard Page/Connection - Successful' is present

2023-11-17 22:31:14 - [MESSAGE][WARNING] - Timeout '0' is invalid. Using default page load timeout: '30'

2023-11-17 22:31:15 - [MESSAGE][PASSED] - Object 'Object Repository/EYM IO - Dashboard Page/Connection - Successful' is present

2023-11-17 22:31:15 - [TEST_STEP][PASSED] - verifyTextPresent("Connection Successful.", false): Text 'Connection Successful.' is present on page 

2023-11-17 22:31:15 - [MESSAGE][PASSED] - Text 'Connection Successful.' is present on page 

2023-11-17 22:31:15 - [TEST_STEP][PASSED] - if (verifyTextPresent("Connection Successful.", true) == true): null

2023-11-17 22:31:16 - [MESSAGE][PASSED] - Text 'Connection Successful.' is present on page  using regular expression

2023-11-17 22:31:16 - [TEST_STEP][PASSED] - closeBrowser(): Browser is closed

2023-11-17 22:31:17 - [MESSAGE][PASSED] - Browser is closed]]></system-out>
         <system-err><![CDATA[]]></system-err>
      </testcase>
      <testcase name="Test Cases/EYM IO Sandbox Instance/Traemand/T_SalesforceTokenBasedConnection" time="37.313" classname="Test Cases/EYM IO Sandbox Instance/Traemand/T_SalesforceTokenBasedConnection" status="PASSED">
         <system-out><![CDATA[2023-11-17 22:31:17 - [TEST_CASE][PASSED] - Test Cases/EYM IO Sandbox Instance/Traemand/T_SalesforceTokenBasedConnection: Test Cases/EYM IO Sandbox Instance/Traemand/T_SalesforceTokenBasedConnection

2023-11-17 22:31:17 - [TEST_STEP][PASSED] - callTestCase(findTestCase("EYM IO Login/Login Traemand Sandbox"), [:], STOP_ON_FAILURE): Call Test Case 'Test Cases/EYM IO Login/Login Traemand Sandbox' successfully

2023-11-17 22:31:17 - [TEST_CASE][PASSED] - Test Cases/EYM IO Login/Login Traemand Sandbox: Test Cases/EYM IO Login/Login Traemand Sandbox

2023-11-17 22:31:17 - [TEST_STEP][PASSED] - openBrowser("https://trm-staging-v2.excelym.com/"): Browser is opened with url: 'https://trm-staging-v2.excelym.com/'

2023-11-17 22:31:17 - [MESSAGE][INFO] - Starting 'Chrome' driver

2023-11-17 22:31:17 - [MESSAGE][INFO] - Action delay is set to 0 milliseconds

2023-11-17 22:31:23 - [MESSAGE][PASSED] - Browser is opened with url: 'https://trm-staging-v2.excelym.com/'

2023-11-17 22:31:23 - [TEST_STEP][PASSED] - maximizeWindow(): Current window maximized

2023-11-17 22:31:23 - [MESSAGE][PASSED] - Current window maximized

2023-11-17 22:31:23 - [TEST_STEP][PASSED] - delay(2): Delayed 2 second(s)

2023-11-17 22:31:25 - [MESSAGE][PASSED] - Delayed 2 second(s)

2023-11-17 22:31:25 - [TEST_STEP][PASSED] - click(findTestObject("EYM IO - Login Page/Username - Email")): Object: 'Object Repository/EYM IO - Login Page/Username - Email' is clicked on

2023-11-17 22:31:26 - [MESSAGE][PASSED] - Object: 'Object Repository/EYM IO - Login Page/Username - Email' is clicked on

2023-11-17 22:31:26 - [TEST_STEP][PASSED] - setText(findTestObject("EYM IO - Login Page/Username - Email"), "super@excelym.com"): Text 'super@excelym.com' is set on object 'Object Repository/EYM IO - Login Page/Username - Email'

2023-11-17 22:31:26 - [MESSAGE][PASSED] - Text 'super@excelym.com' is set on object 'Object Repository/EYM IO - Login Page/Username - Email'

2023-11-17 22:31:26 - [TEST_STEP][PASSED] - delay(2): Delayed 2 second(s)

2023-11-17 22:31:28 - [MESSAGE][PASSED] - Delayed 2 second(s)

2023-11-17 22:31:28 - [TEST_STEP][PASSED] - click(findTestObject("EYM IO - Login Page/Password")): Object: 'Object Repository/EYM IO - Login Page/Password' is clicked on

2023-11-17 22:31:29 - [MESSAGE][PASSED] - Object: 'Object Repository/EYM IO - Login Page/Password' is clicked on

2023-11-17 22:31:29 - [TEST_STEP][PASSED] - setEncryptedText(findTestObject("EYM IO - Login Page/Password"), "kcZrTBlO2NtKj5v7nJXE2Q=="): Text ****** has been set on object 'Object Repository/EYM IO - Login Page/Password'

2023-11-17 22:31:29 - [MESSAGE][PASSED] - Text ****** has been set on object 'Object Repository/EYM IO - Login Page/Password'

2023-11-17 22:31:29 - [TEST_STEP][PASSED] - delay(2): Delayed 2 second(s)

2023-11-17 22:31:31 - [MESSAGE][PASSED] - Delayed 2 second(s)

2023-11-17 22:31:31 - [TEST_STEP][PASSED] - mouseOver(findTestObject("EYM IO - Login Page/Login Button")): Object: 'Object Repository/EYM IO - Login Page/Login Button' is hovered

2023-11-17 22:31:32 - [MESSAGE][PASSED] - Object: 'Object Repository/EYM IO - Login Page/Login Button' is hovered

2023-11-17 22:31:32 - [TEST_STEP][PASSED] - click(findTestObject("EYM IO - Login Page/Login Button")): Object: 'Object Repository/EYM IO - Login Page/Login Button' is clicked on

2023-11-17 22:31:32 - [MESSAGE][PASSED] - Object: 'Object Repository/EYM IO - Login Page/Login Button' is clicked on

2023-11-17 22:31:32 - [MESSAGE][PASSED] - Call Test Case 'Test Cases/EYM IO Login/Login Traemand Sandbox' successfully

2023-11-17 22:31:32 - [TEST_STEP][PASSED] - delay(5): Delayed 5 second(s)

2023-11-17 22:31:37 - [MESSAGE][PASSED] - Delayed 5 second(s)

2023-11-17 22:31:37 - [TEST_STEP][PASSED] - mouseOver(findTestObject("EYM IO - Dashboard Page/IO Maintenance")): Object: 'Object Repository/EYM IO - Dashboard Page/IO Maintenance' is hovered

2023-11-17 22:31:38 - [MESSAGE][PASSED] - Object: 'Object Repository/EYM IO - Dashboard Page/IO Maintenance' is hovered

2023-11-17 22:31:38 - [TEST_STEP][PASSED] - delay(2): Delayed 2 second(s)

2023-11-17 22:31:40 - [MESSAGE][PASSED] - Delayed 2 second(s)

2023-11-17 22:31:40 - [TEST_STEP][PASSED] - mouseOver(findTestObject("EYM IO - Dashboard Page/IO Connection")): Object: 'Object Repository/EYM IO - Dashboard Page/IO Connection' is hovered

2023-11-17 22:31:41 - [MESSAGE][PASSED] - Object: 'Object Repository/EYM IO - Dashboard Page/IO Connection' is hovered

2023-11-17 22:31:41 - [TEST_STEP][PASSED] - delay(2): Delayed 2 second(s)

2023-11-17 22:31:43 - [MESSAGE][PASSED] - Delayed 2 second(s)

2023-11-17 22:31:43 - [TEST_STEP][PASSED] - click(findTestObject("EYM IO - Dashboard Page/IO Connection")): Object: 'Object Repository/EYM IO - Dashboard Page/IO Connection' is clicked on

2023-11-17 22:31:43 - [MESSAGE][PASSED] - Object: 'Object Repository/EYM IO - Dashboard Page/IO Connection' is clicked on

2023-11-17 22:31:43 - [TEST_STEP][PASSED] - delay(2): Delayed 2 second(s)

2023-11-17 22:31:45 - [MESSAGE][PASSED] - Delayed 2 second(s)

2023-11-17 22:31:45 - [TEST_STEP][PASSED] - mouseOver(findTestObject("EYM IO - Connection Page/Traemand/Traemand Sandbox/SalesforceTokenBased")): Object: 'Object Repository/EYM IO - Connection Page/Traemand/Traemand Sandbox/SalesforceTokenBased' is hovered

2023-11-17 22:31:46 - [MESSAGE][PASSED] - Object: 'Object Repository/EYM IO - Connection Page/Traemand/Traemand Sandbox/SalesforceTokenBased' is hovered

2023-11-17 22:31:46 - [TEST_STEP][PASSED] - delay(2): Delayed 2 second(s)

2023-11-17 22:31:48 - [MESSAGE][PASSED] - Delayed 2 second(s)

2023-11-17 22:31:48 - [TEST_STEP][PASSED] - click(findTestObject("EYM IO - Connection Page/Traemand/Traemand Sandbox/SalesforceTokenBased")): Object: 'Object Repository/EYM IO - Connection Page/Traemand/Traemand Sandbox/SalesforceTokenBased' is clicked on

2023-11-17 22:31:49 - [MESSAGE][PASSED] - Object: 'Object Repository/EYM IO - Connection Page/Traemand/Traemand Sandbox/SalesforceTokenBased' is clicked on

2023-11-17 22:31:49 - [TEST_STEP][PASSED] - waitForJQueryLoad(30): jQuery is ready.

2023-11-17 22:31:49 - [MESSAGE][PASSED] - jQuery is ready.

2023-11-17 22:31:49 - [TEST_STEP][PASSED] - delay(3): Delayed 3 second(s)

2023-11-17 22:31:52 - [MESSAGE][PASSED] - Delayed 3 second(s)

2023-11-17 22:31:52 - [TEST_STEP][PASSED] - verifyElementPresent(findTestObject("EYM IO - Dashboard Page/Connection - Successful"), 0): Object 'Object Repository/EYM IO - Dashboard Page/Connection - Successful' is present

2023-11-17 22:31:52 - [MESSAGE][WARNING] - Timeout '0' is invalid. Using default page load timeout: '30'

2023-11-17 22:31:52 - [MESSAGE][PASSED] - Object 'Object Repository/EYM IO - Dashboard Page/Connection - Successful' is present

2023-11-17 22:31:52 - [TEST_STEP][PASSED] - verifyTextPresent("Connection Successful.", false): Text 'Connection Successful.' is present on page 

2023-11-17 22:31:52 - [MESSAGE][PASSED] - Text 'Connection Successful.' is present on page 

2023-11-17 22:31:52 - [TEST_STEP][PASSED] - if (verifyTextPresent("Connection Successful.", true) == true): null

2023-11-17 22:31:53 - [MESSAGE][PASSED] - Text 'Connection Successful.' is present on page  using regular expression

2023-11-17 22:31:53 - [TEST_STEP][PASSED] - closeBrowser(): Browser is closed

2023-11-17 22:31:54 - [MESSAGE][PASSED] - Browser is closed]]></system-out>
         <system-err><![CDATA[]]></system-err>
      </testcase>
      <system-out><![CDATA[2023-11-17 22:25:44 - [TEST_SUITE][FAILED] - EYMIO Sandbox Instance Connection Checking: Test Cases/EYM IO Sandbox Instance/Exemptax/E_Schylling-ExempTaxConnection FAILED.
Reason:
com.kms.katalon.core.exception.StepFailedException: Unable to verify text 'Connection Successful.' is present 
	at com.kms.katalon.core.webui.keyword.internal.WebUIKeywordMain.stepFailed(WebUIKeywordMain.groovy:64)
	at com.kms.katalon.core.webui.keyword.internal.WebUIKeywordMain.runKeyword(WebUIKeywordMain.groovy:26)
	at com.kms.katalon.core.webui.keyword.builtin.VerifyTextPresentKeyword.verifyTextPresent(VerifyTextPresentKeyword.groovy:83)
	at com.kms.katalon.core.webui.keyword.builtin.VerifyTextPresentKeyword.execute(VerifyTextPresentKeyword.groovy:68)
	at com.kms.katalon.core.keyword.internal.KeywordExecutor.executeKeywordForPlatform(KeywordExecutor.groovy:74)
	at com.kms.katalon.core.webui.keyword.WebUiBuiltInKeywords.verifyTextPresent(WebUiBuiltInKeywords.groovy:1723)
	at com.kms.katalon.core.webui.keyword.WebUiBuiltInKeywords$verifyTextPresent$7.call(Unknown Source)
	at E_Schylling-ExempTaxConnection.run(E_Schylling-ExempTaxConnection:48)
	at com.kms.katalon.core.main.ScriptEngine.run(ScriptEngine.java:194)
	at com.kms.katalon.core.main.ScriptEngine.runScriptAsRawText(ScriptEngine.java:119)
	at com.kms.katalon.core.main.TestCaseExecutor.runScript(TestCaseExecutor.java:448)
	at com.kms.katalon.core.main.TestCaseExecutor.doExecute(TestCaseExecutor.java:439)
	at com.kms.katalon.core.main.TestCaseExecutor.processExecutionPhase(TestCaseExecutor.java:418)
	at com.kms.katalon.core.main.TestCaseExecutor.accessMainPhase(TestCaseExecutor.java:410)
	at com.kms.katalon.core.main.TestCaseExecutor.execute(TestCaseExecutor.java:285)
	at com.kms.katalon.core.common.CommonExecutor.accessTestCaseMainPhase(CommonExecutor.java:65)
	at com.kms.katalon.core.main.TestSuiteExecutor.accessTestSuiteMainPhase(TestSuiteExecutor.java:148)
	at com.kms.katalon.core.main.TestSuiteExecutor.execute(TestSuiteExecutor.java:106)
	at com.kms.katalon.core.main.TestCaseMain.startTestSuite(TestCaseMain.java:187)
	at com.kms.katalon.core.main.TestCaseMain$startTestSuite$0.call(Unknown Source)
	at TempTestSuite1700231132250.run(TempTestSuite1700231132250.groovy:36)
Caused by: com.kms.katalon.core.exception.StepFailedException: Text 'Connection Successful.' is not present on page 
	at com.kms.katalon.core.webui.keyword.internal.WebUIKeywordMain.stepFailed(WebUIKeywordMain.groovy:64)
	at com.kms.katalon.core.webui.keyword.builtin.VerifyTextPresentKeyword$_verifyTextPresent_closure1.doCall(VerifyTextPresentKeyword.groovy:79)
	at com.kms.katalon.core.webui.keyword.builtin.VerifyTextPresentKeyword$_verifyTextPresent_closure1.call(VerifyTextPresentKeyword.groovy)
	at com.kms.katalon.core.webui.keyword.internal.WebUIKeywordMain.runKeyword(WebUIKeywordMain.groovy:20)
	... 19 more]]></system-out>
      <system-err><![CDATA[2023-11-17 22:25:44 - [TEST_SUITE][FAILED] - EYMIO Sandbox Instance Connection Checking: Test Cases/EYM IO Sandbox Instance/Exemptax/E_Schylling-ExempTaxConnection FAILED.
Reason:
com.kms.katalon.core.exception.StepFailedException: Unable to verify text 'Connection Successful.' is present 
	at com.kms.katalon.core.webui.keyword.internal.WebUIKeywordMain.stepFailed(WebUIKeywordMain.groovy:64)
	at com.kms.katalon.core.webui.keyword.internal.WebUIKeywordMain.runKeyword(WebUIKeywordMain.groovy:26)
	at com.kms.katalon.core.webui.keyword.builtin.VerifyTextPresentKeyword.verifyTextPresent(VerifyTextPresentKeyword.groovy:83)
	at com.kms.katalon.core.webui.keyword.builtin.VerifyTextPresentKeyword.execute(VerifyTextPresentKeyword.groovy:68)
	at com.kms.katalon.core.keyword.internal.KeywordExecutor.executeKeywordForPlatform(KeywordExecutor.groovy:74)
	at com.kms.katalon.core.webui.keyword.WebUiBuiltInKeywords.verifyTextPresent(WebUiBuiltInKeywords.groovy:1723)
	at com.kms.katalon.core.webui.keyword.WebUiBuiltInKeywords$verifyTextPresent$7.call(Unknown Source)
	at E_Schylling-ExempTaxConnection.run(E_Schylling-ExempTaxConnection:48)
	at com.kms.katalon.core.main.ScriptEngine.run(ScriptEngine.java:194)
	at com.kms.katalon.core.main.ScriptEngine.runScriptAsRawText(ScriptEngine.java:119)
	at com.kms.katalon.core.main.TestCaseExecutor.runScript(TestCaseExecutor.java:448)
	at com.kms.katalon.core.main.TestCaseExecutor.doExecute(TestCaseExecutor.java:439)
	at com.kms.katalon.core.main.TestCaseExecutor.processExecutionPhase(TestCaseExecutor.java:418)
	at com.kms.katalon.core.main.TestCaseExecutor.accessMainPhase(TestCaseExecutor.java:410)
	at com.kms.katalon.core.main.TestCaseExecutor.execute(TestCaseExecutor.java:285)
	at com.kms.katalon.core.common.CommonExecutor.accessTestCaseMainPhase(CommonExecutor.java:65)
	at com.kms.katalon.core.main.TestSuiteExecutor.accessTestSuiteMainPhase(TestSuiteExecutor.java:148)
	at com.kms.katalon.core.main.TestSuiteExecutor.execute(TestSuiteExecutor.java:106)
	at com.kms.katalon.core.main.TestCaseMain.startTestSuite(TestCaseMain.java:187)
	at com.kms.katalon.core.main.TestCaseMain$startTestSuite$0.call(Unknown Source)
	at TempTestSuite1700231132250.run(TempTestSuite1700231132250.groovy:36)
Caused by: com.kms.katalon.core.exception.StepFailedException: Text 'Connection Successful.' is not present on page 
	at com.kms.katalon.core.webui.keyword.internal.WebUIKeywordMain.stepFailed(WebUIKeywordMain.groovy:64)
	at com.kms.katalon.core.webui.keyword.builtin.VerifyTextPresentKeyword$_verifyTextPresent_closure1.doCall(VerifyTextPresentKeyword.groovy:79)
	at com.kms.katalon.core.webui.keyword.builtin.VerifyTextPresentKeyword$_verifyTextPresent_closure1.call(VerifyTextPresentKeyword.groovy)
	at com.kms.katalon.core.webui.keyword.internal.WebUIKeywordMain.runKeyword(WebUIKeywordMain.groovy:20)
	... 19 more]]></system-err>
   </testsuite>
</testsuites>
